#
# A fatal error has been detected by the Java Runtime Environment:
#
#  SIGSEGV (0xb) at pc=0x0000000105fb3c2d, pid=21844, tid=0x0000000000003903
#
# JRE version: Java(TM) SE Runtime Environment (8.0_161-b12) (build 1.8.0_161-b12)
# Java VM: Java HotSpot(TM) 64-Bit Server VM (25.161-b12 mixed mode bsd-amd64 compressed oops)
# Problematic frame:
# V  [libjvm.dylib+0x1b3c2d]
#
# Failed to write core dump. Core dumps have been disabled. To enable core dumping, try "ulimit -c unlimited" before starting Java again
#
# If you would like to submit a bug report, please visit:
#   http://bugreport.java.com/bugreport/crash.jsp
#

---------------  T H R E A D  ---------------

Current thread (0x00007fd730847000):  JavaThread "C2 CompilerThread0" daemon [_thread_in_native, id=14595, stack(0x000070000e58e000,0x000070000e68e000)]

siginfo: si_signo: 11 (SIGSEGV), si_code: 1 (SEGV_MAPERR), si_addr: 0x00007fd630a83c70

Registers:
RAX=0x000000000000102a, RBX=0x00007fd730a83bc0, RCX=0x000000010fe7c010, RDX=0x0000000000000048
RSP=0x000070000e68c150, RBP=0x000070000e68c190, RSI=0x000070000e68c2b0, RDI=0x00007fd731449ae8
R8 =0x00007fd731601410, R9 =0x0000000000001e45, R10=0x000000004cfffcff, R11=0x00007fd730a71410
R12=0x0000000000000000, R13=0x00007fd630a83c70, R14=0x0000000000000001, R15=0x0000000000000000
RIP=0x0000000105fb3c2d, EFLAGS=0x0000000000010246, ERR=0x0000000000000004
  TRAPNO=0x000000000000000e

Top of Stack: (sp=0x000070000e68c150)
0x000070000e68c150:   000000000000102a 000070000e68cf80
0x000070000e68c160:   000070000e68c2b0 000070000e68c4c8
0x000070000e68c170:   000070000e68c2b0 000070000e68c2d0
0x000070000e68c180:   000070000e68c2a0 00007fd730518f40
0x000070000e68c190:   000070000e68c1d0 00000001062b8c5f
0x000070000e68c1a0:   000070000e68cea0 0000000000000001
0x000070000e68c1b0:   00007fd73051fa00 000070000e68cf80
0x000070000e68c1c0:   000070000e68cf80 000000010663c210
0x000070000e68c1d0:   000070000e68c340 0000000105fb0cb0
0x000070000e68c1e0:   000070000e68cf80 000070000e68da90
0x000070000e68c1f0:   000070000e68c210 000070000e68cf80
0x000070000e68c200:   000070000e68c260 00000001062b6aa2
0x000070000e68c210:   000070000e68c250 00007fd7318db488
0x000070000e68c220:   00007fd7310e3dd0 000070000e68ce50
0x000070000e68c230:   00007fd7318db488 000070000e68c4c8
0x000070000e68c240:   00000001066c66f0 00007fd7318db488
0x000070000e68c250:   00007fd7318db488 0000000000003215
0x000070000e68c260:   000070000e68c290 00000001062b8420
0x000070000e68c270:   000070000e68cf80 00007fd7310e3dd0
0x000070000e68c280:   00007fd7318db218 00007fd7310e3cb0
0x000070000e68c290:   000070000e68c340 00000001062a3da2
0x000070000e68c2a0:   00007fd700000002 000070000e68cf80
0x000070000e68c2b0:   00007fd730518f40 00007fd700004000
0x000070000e68c2c0:   000000010fe7c010 0000000100001e9d
0x000070000e68c2d0:   00000001066df460 00007fd730518f40
0x000070000e68c2e0:   0000700000000200 00007fd730a71410
0x000070000e68c2f0:   00007fd700000000 00007fd730518f40
0x000070000e68c300:   00007fd730adda00 00007fd730addad0
0x000070000e68c310:   00007fd730ae59e8 0000000000048270
0x000070000e68c320:   000070000e68c430 00007fd73051fa00
0x000070000e68c330:   00007fd731516d50 000070000e68d920
0x000070000e68c340:   000070000e68cf40 0000000105fb4756 

Instructions: (pc=0x0000000105fb3c2d)
0x0000000105fb3c0d:   a0 32 00 48 8b 45 c0 ff c0 48 89 45 c0 44 8b 73
0x0000000105fb3c1d:   20 45 85 f6 7e 43 45 31 ff 45 89 fc 4c 8b 6b 10
0x0000000105fb3c2d:   4b 8b 74 e5 00 48 8b 7d d0 e8 47 40 fa ff 84 c0
0x0000000105fb3c3d:   75 1b 8b 43 20 ff c8 89 43 20 49 8b 44 c5 00 4b 

Register to memory mapping:

RAX=0x000000000000102a is an unknown value
RBX=0x00007fd730a83bc0 is an unknown value
RCX=0x000000010fe7c010 is an unknown value
RDX=0x0000000000000048 is an unknown value
RSP=0x000070000e68c150 is pointing into the stack for thread: 0x00007fd730847000
RBP=0x000070000e68c190 is pointing into the stack for thread: 0x00007fd730847000
RSI=0x000070000e68c2b0 is pointing into the stack for thread: 0x00007fd730847000
RDI=0x00007fd731449ae8 is an unknown value
R8 =0x00007fd731601410 is an unknown value
R9 =0x0000000000001e45 is an unknown value
R10=0x000000004cfffcff is an unknown value
R11=0x00007fd730a71410 is an unknown value
R12=0x0000000000000000 is an unknown value
R13=0x00007fd630a83c70 is an unknown value
R14=0x0000000000000001 is an unknown value
R15=0x0000000000000000 is an unknown value


Stack: [0x000070000e58e000,0x000070000e68e000],  sp=0x000070000e68c150,  free space=1016k
Native frames: (J=compiled Java code, j=interpreted, Vv=VM code, C=native code)
V  [libjvm.dylib+0x1b3c2d]
V  [libjvm.dylib+0x4b8c5f]
V  [libjvm.dylib+0x1b0cb0]
V  [libjvm.dylib+0x1b4756]
V  [libjvm.dylib+0x1518be]
V  [libjvm.dylib+0x1b7fb6]
V  [libjvm.dylib+0x1ba4fd]
V  [libjvm.dylib+0x56edef]
V  [libjvm.dylib+0x5704ea]
V  [libjvm.dylib+0x48d83a]
C  [libsystem_pthread.dylib+0x36c1]  _pthread_body+0x154
C  [libsystem_pthread.dylib+0x356d]  _pthread_body+0x0
C  [libsystem_pthread.dylib+0x2c5d]  thread_start+0xd
C  0x0000000000000000


Current CompileTask:
C2:   1465 2347   !   4       org.codehaus.plexus.interpolation.StringSearchInterpolator::interpolate (650 bytes)


---------------  P R O C E S S  ---------------

Java Threads: ( => current thread )
  0x00007fd73084a800 JavaThread "Service Thread" daemon [_thread_blocked, id=15107, stack(0x000070000e897000,0x000070000e997000)]
  0x00007fd73103f800 JavaThread "C1 CompilerThread2" daemon [_thread_blocked, id=18435, stack(0x000070000e794000,0x000070000e894000)]
  0x00007fd73200f800 JavaThread "C2 CompilerThread1" daemon [_thread_in_native, id=18947, stack(0x000070000e691000,0x000070000e791000)]
=>0x00007fd730847000 JavaThread "C2 CompilerThread0" daemon [_thread_in_native, id=14595, stack(0x000070000e58e000,0x000070000e68e000)]
  0x00007fd73103f000 JavaThread "Signal Dispatcher" daemon [_thread_blocked, id=14091, stack(0x000070000e48b000,0x000070000e58b000)]
  0x00007fd732002000 JavaThread "Finalizer" daemon [_thread_blocked, id=20739, stack(0x000070000e388000,0x000070000e488000)]
  0x00007fd730827800 JavaThread "Reference Handler" daemon [_thread_blocked, id=20995, stack(0x000070000e285000,0x000070000e385000)]
  0x00007fd730808800 JavaThread "main" [_thread_in_Java, id=9987, stack(0x000070000dc73000,0x000070000dd73000)]

Other Threads:
  0x00007fd731015000 VMThread [stack: 0x000070000e182000,0x000070000e282000] [id=21251]
  0x00007fd73084d000 WatcherThread [stack: 0x000070000e99a000,0x000070000ea9a000] [id=15363]

VM state:not at safepoint (normal execution)

VM Mutex/Monitor currently owned by a thread:  ([mutex/lock_event])
[0x00007fd730704950] Compile_lock - owner thread: 0x0000000000000000

Heap:
 PSYoungGen      total 305664K, used 178323K [0x000000066ab00000, 0x0000000680000000, 0x00000007c0000000)
  eden space 262144K, 68% used [0x000000066ab00000,0x0000000675924f58,0x000000067ab00000)
  from space 43520K, 0% used [0x000000067d580000,0x000000067d580000,0x0000000680000000)
  to   space 43520K, 0% used [0x000000067ab00000,0x000000067ab00000,0x000000067d580000)
 ParOldGen       total 699392K, used 0K [0x00000003c0000000, 0x00000003eab00000, 0x000000066ab00000)
  object space 699392K, 0% used [0x00000003c0000000,0x00000003c0000000,0x00000003eab00000)
 Metaspace       used 15441K, capacity 15674K, committed 15872K, reserved 1062912K
  class space    used 1860K, capacity 1943K, committed 2048K, reserved 1048576K

Card table byte_map: [0x000000010716e000,0x000000010916f000] byte_map_base: 0x000000010536e000

Marking Bits: (ParMarkBitMap*) 0x00000001066f76c0
 Begin Bits: [0x0000000121704000, 0x0000000131704000)
 End Bits:   [0x0000000131704000, 0x0000000141704000)

Polling page: 0x0000000105573000

CodeCache: size=245760Kb used=8401Kb max_used=8401Kb free=237358Kb
 bounds [0x0000000112704000, 0x0000000112f44000, 0x0000000121704000]
 total_blobs=2803 nmethods=2456 adapters=260
 compilation: enabled

Compilation events (10 events):
Event: 1.453 Thread 0x00007fd73103f800 nmethod 2456 0x0000000112f3a2d0 code [0x0000000112f3a420, 0x0000000112f3a530]
Event: 1.453 Thread 0x00007fd73103f800 2457       1       org.eclipse.aether.DefaultRepositorySystemSession::getArtifactTypeRegistry (5 bytes)
Event: 1.453 Thread 0x00007fd73103f800 nmethod 2457 0x0000000112f3a590 code [0x0000000112f3a6e0, 0x0000000112f3a7f0]
Event: 1.453 Thread 0x00007fd73103f800 2461       1       org.apache.maven.model.building.DefaultModelBuildingRequest::isLocationTracking (5 bytes)
Event: 1.453 Thread 0x00007fd73103f800 nmethod 2461 0x0000000112f3a850 code [0x0000000112f3a9a0, 0x0000000112f3aab0]
Event: 1.455 Thread 0x00007fd73103f800 2462  s    3       java.io.BufferedInputStream::available (35 bytes)
Event: 1.455 Thread 0x00007fd73103f800 nmethod 2462 0x0000000112f3ab10 code [0x0000000112f3aca0, 0x0000000112f3b1d8]
Event: 1.455 Thread 0x00007fd73103f800 2463       1       org.codehaus.plexus.util.xml.pull.MXParser::getInputEncoding (5 bytes)
Event: 1.455 Thread 0x00007fd73103f800 nmethod 2463 0x0000000112f3b3d0 code [0x0000000112f3b520, 0x0000000112f3b630]
Event: 1.458 Thread 0x00007fd73103f800 2464   !   3       org.apache.maven.model.PatternSet::clone (137 bytes)

GC Heap History (0 events):
No events

Deoptimization events (10 events):
Event: 1.357 Thread 0x00007fd730808800 Uncommon trap: reason=class_check action=maybe_recompile pc=0x0000000112eab6c8 method=java.util.regex.Pattern$7.isSatisfiedBy(I)Z @ 16
Event: 1.357 Thread 0x00007fd730808800 Uncommon trap: reason=class_check action=maybe_recompile pc=0x0000000112eaab38 method=java.util.regex.Pattern$CharProperty$1.isSatisfiedBy(I)Z @ 5
Event: 1.357 Thread 0x00007fd730808800 Uncommon trap: reason=class_check action=maybe_recompile pc=0x0000000112eaab38 method=java.util.regex.Pattern$CharProperty$1.isSatisfiedBy(I)Z @ 5
Event: 1.357 Thread 0x00007fd730808800 Uncommon trap: reason=class_check action=maybe_recompile pc=0x0000000112eaab38 method=java.util.regex.Pattern$CharProperty$1.isSatisfiedBy(I)Z @ 5
Event: 1.357 Thread 0x00007fd730808800 Uncommon trap: reason=bimorphic action=maybe_recompile pc=0x0000000112dad9a8 method=java.util.regex.Pattern$BmpCharProperty.match(Ljava/util/regex/Matcher;ILjava/lang/CharSequence;)Z @ 16
Event: 1.357 Thread 0x00007fd730808800 Uncommon trap: reason=bimorphic action=maybe_recompile pc=0x0000000112dad9a8 method=java.util.regex.Pattern$BmpCharProperty.match(Ljava/util/regex/Matcher;ILjava/lang/CharSequence;)Z @ 16
Event: 1.357 Thread 0x00007fd730808800 Uncommon trap: reason=bimorphic action=maybe_recompile pc=0x0000000112dad9a8 method=java.util.regex.Pattern$BmpCharProperty.match(Ljava/util/regex/Matcher;ILjava/lang/CharSequence;)Z @ 16
Event: 1.357 Thread 0x00007fd730808800 Uncommon trap: reason=bimorphic action=maybe_recompile pc=0x0000000112dad9a8 method=java.util.regex.Pattern$BmpCharProperty.match(Ljava/util/regex/Matcher;ILjava/lang/CharSequence;)Z @ 16
Event: 1.358 Thread 0x00007fd730808800 Uncommon trap: reason=class_check action=maybe_recompile pc=0x0000000112e5cd28 method=org.apache.maven.model.interpolation.StringSearchModelInterpolator$InterpolateObjectAction$MapField.doInterpolate(Ljava/lang/Object;Lorg/apache/maven/model/interpolation
Event: 1.418 Thread 0x00007fd730808800 Uncommon trap: reason=unstable_if action=reinterpret pc=0x0000000112e68d30 method=org.codehaus.plexus.util.xml.pull.MXParser.nextImpl()I @ 280

Classes redefined (0 events):
No events

Internal exceptions (10 events):
Event: 0.875 Thread 0x00007fd730808800 Exception <a 'java/lang/NullPointerException'> (0x00000006703f8a30) thrown at [/Users/java_re/workspace/8-2-build-macosx-x86_64/jdk8u161/10277/hotspot/src/share/vm/interpreter/linkResolver.cpp, line 1185]
Event: 0.875 Thread 0x00007fd730808800 Exception <a 'java/lang/NullPointerException'> (0x000000067040fe00) thrown at [/Users/java_re/workspace/8-2-build-macosx-x86_64/jdk8u161/10277/hotspot/src/share/vm/interpreter/linkResolver.cpp, line 1185]
Event: 0.875 Thread 0x00007fd730808800 Exception <a 'java/lang/NullPointerException'> (0x0000000670410018) thrown at [/Users/java_re/workspace/8-2-build-macosx-x86_64/jdk8u161/10277/hotspot/src/share/vm/interpreter/linkResolver.cpp, line 1185]
Event: 0.875 Thread 0x00007fd730808800 Exception <a 'java/lang/NullPointerException'> (0x0000000670410230) thrown at [/Users/java_re/workspace/8-2-build-macosx-x86_64/jdk8u161/10277/hotspot/src/share/vm/interpreter/linkResolver.cpp, line 1185]
Event: 0.896 Thread 0x00007fd730808800 Implicit null exception at 0x00000001129fc3b5 to 0x00000001129fc769
Event: 0.896 Thread 0x00007fd730808800 Implicit null exception at 0x000000011290f576 to 0x000000011290f92d
Event: 1.004 Thread 0x00007fd730808800 Implicit null exception at 0x0000000112c88e8b to 0x0000000112c898a1
Event: 1.216 Thread 0x00007fd730808800 Implicit null exception at 0x0000000112a860b5 to 0x0000000112a862e9
Event: 1.217 Thread 0x00007fd730808800 Implicit null exception at 0x0000000112a5a66f to 0x0000000112a5a6d9
Event: 1.219 Thread 0x00007fd730808800 Implicit null exception at 0x0000000112de648b to 0x0000000112de6ea1

Events (10 events):
Event: 1.398 Thread 0x00007fd730808800 DEOPT UNPACKING pc=0x000000011274b784 sp=0x000070000dd6f798 mode 0
Event: 1.404 Thread 0x00007fd730808800 DEOPT PACKING pc=0x0000000112c773a2 sp=0x000070000dd6f860
Event: 1.404 Thread 0x00007fd730808800 DEOPT UNPACKING pc=0x000000011274b784 sp=0x000070000dd6f618 mode 0
Event: 1.405 Thread 0x00007fd730808800 DEOPT PACKING pc=0x0000000112c773a2 sp=0x000070000dd6f9e0
Event: 1.405 Thread 0x00007fd730808800 DEOPT UNPACKING pc=0x000000011274b784 sp=0x000070000dd6f798 mode 0
Event: 1.418 Thread 0x00007fd730808800 Uncommon trap: trap_request=0xffffff65 fr.pc=0x0000000112e68d30
Event: 1.418 Thread 0x00007fd730808800 DEOPT PACKING pc=0x0000000112e68d30 sp=0x000070000dd70050
Event: 1.418 Thread 0x00007fd730808800 DEOPT UNPACKING pc=0x000000011274973a sp=0x000070000dd6ffd8 mode 2
Event: 1.423 Thread 0x00007fd730808800 DEOPT PACKING pc=0x0000000112c773a2 sp=0x000070000dd70010
Event: 1.423 Thread 0x00007fd730808800 DEOPT UNPACKING pc=0x000000011274b784 sp=0x000070000dd6fdc8 mode 0


Dynamic libraries:
0x000000001cf96000 	/System/Library/Frameworks/Cocoa.framework/Versions/A/Cocoa
0x000000001cf96000 	/System/Library/Frameworks/Security.framework/Versions/A/Security
0x000000001cf96000 	/System/Library/Frameworks/ApplicationServices.framework/Versions/A/ApplicationServices
0x000000001cf96000 	/usr/lib/libz.1.dylib
0x000000001cf96000 	/usr/lib/libSystem.B.dylib
0x000000001cf96000 	/usr/lib/libobjc.A.dylib
0x000000001cf96000 	/System/Library/Frameworks/CoreFoundation.framework/Versions/A/CoreFoundation
0x000000001cf96000 	/System/Library/Frameworks/Foundation.framework/Versions/C/Foundation
0x000000001cf96000 	/System/Library/Frameworks/AppKit.framework/Versions/C/AppKit
0x000000001cf96000 	/System/Library/Frameworks/CoreData.framework/Versions/A/CoreData
0x000000001cf96000 	/System/Library/PrivateFrameworks/RemoteViewServices.framework/Versions/A/RemoteViewServices
0x000000001cf96000 	/System/Library/PrivateFrameworks/UIFoundation.framework/Versions/A/UIFoundation
0x000000001cf96000 	/System/Library/PrivateFrameworks/DFRFoundation.framework/Versions/A/DFRFoundation
0x000000001cf96000 	/System/Library/Frameworks/Metal.framework/Versions/A/Metal
0x000000001cf96000 	/System/Library/PrivateFrameworks/DesktopServicesPriv.framework/Versions/A/DesktopServicesPriv
0x000000001cf96000 	/usr/lib/libenergytrace.dylib
0x000000001cf96000 	/System/Library/PrivateFrameworks/SkyLight.framework/Versions/A/SkyLight
0x000000001cf96000 	/System/Library/Frameworks/CoreGraphics.framework/Versions/A/CoreGraphics
0x000000001cf96000 	/usr/lib/libScreenReader.dylib
0x000000001cf96000 	/System/Library/Frameworks/Accelerate.framework/Versions/A/Accelerate
0x000000001cf96000 	/System/Library/Frameworks/IOSurface.framework/Versions/A/IOSurface
0x000000001cf96000 	/System/Library/Frameworks/AudioToolbox.framework/Versions/A/AudioToolbox
0x000000001cf96000 	/System/Library/Frameworks/AudioUnit.framework/Versions/A/AudioUnit
0x000000001cf96000 	/System/Library/PrivateFrameworks/DataDetectorsCore.framework/Versions/A/DataDetectorsCore
0x000000001cf96000 	/System/Library/Frameworks/Carbon.framework/Versions/A/Frameworks/HIToolbox.framework/Versions/A/HIToolbox
0x000000001cf96000 	/usr/lib/libicucore.A.dylib
0x000000001cf96000 	/System/Library/Frameworks/QuartzCore.framework/Versions/A/QuartzCore
0x000000001cf96000 	/System/Library/Frameworks/Carbon.framework/Versions/A/Frameworks/SpeechRecognition.framework/Versions/A/SpeechRecognition
0x000000001cf96000 	/usr/lib/libauto.dylib
0x000000001cf96000 	/usr/lib/libxml2.2.dylib
0x000000001cf96000 	/System/Library/PrivateFrameworks/CoreUI.framework/Versions/A/CoreUI
0x000000001cf96000 	/System/Library/Frameworks/CoreAudio.framework/Versions/A/CoreAudio
0x000000001cf96000 	/System/Library/Frameworks/DiskArbitration.framework/Versions/A/DiskArbitration
0x000000001cf96000 	/usr/lib/liblangid.dylib
0x000000001cf96000 	/System/Library/PrivateFrameworks/MultitouchSupport.framework/Versions/A/MultitouchSupport
0x000000001cf96000 	/System/Library/Frameworks/IOKit.framework/Versions/A/IOKit
0x000000001cf96000 	/usr/lib/libDiagnosticMessagesClient.dylib
0x000000001cf96000 	/System/Library/Frameworks/CoreServices.framework/Versions/A/CoreServices
0x000000001cf96000 	/System/Library/PrivateFrameworks/PerformanceAnalysis.framework/Versions/A/PerformanceAnalysis
0x000000001cf96000 	/System/Library/Frameworks/OpenGL.framework/Versions/A/OpenGL
0x000000001cf96000 	/System/Library/Frameworks/ColorSync.framework/Versions/A/ColorSync
0x000000001cf96000 	/System/Library/Frameworks/CoreImage.framework/Versions/A/CoreImage
0x000000001cf96000 	/System/Library/Frameworks/CoreText.framework/Versions/A/CoreText
0x000000001cf96000 	/System/Library/Frameworks/ImageIO.framework/Versions/A/ImageIO
0x000000001cf96000 	/System/Library/PrivateFrameworks/Backup.framework/Versions/A/Backup
0x000000001cf96000 	/usr/lib/libarchive.2.dylib
0x000000001cf96000 	/System/Library/Frameworks/CFNetwork.framework/Versions/A/CFNetwork
0x000000001cf96000 	/System/Library/Frameworks/SystemConfiguration.framework/Versions/A/SystemConfiguration
0x000000001cf96000 	/usr/lib/libCRFSuite.dylib
0x000000001cf96000 	/usr/lib/libc++.1.dylib
0x000000001cf96000 	/usr/lib/libc++abi.dylib
0x000000001cf96000 	/usr/lib/system/libcache.dylib
0x000000001cf96000 	/usr/lib/system/libcommonCrypto.dylib
0x000000001cf96000 	/usr/lib/system/libcompiler_rt.dylib
0x000000001cf96000 	/usr/lib/system/libcopyfile.dylib
0x000000001cf96000 	/usr/lib/system/libcorecrypto.dylib
0x000000001cf96000 	/usr/lib/system/libdispatch.dylib
0x000000001cf96000 	/usr/lib/system/libdyld.dylib
0x000000001cf96000 	/usr/lib/system/libkeymgr.dylib
0x000000001cf96000 	/usr/lib/system/liblaunch.dylib
0x000000001cf96000 	/usr/lib/system/libmacho.dylib
0x000000001cf96000 	/usr/lib/system/libquarantine.dylib
0x000000001cf96000 	/usr/lib/system/libremovefile.dylib
0x000000001cf96000 	/usr/lib/system/libsystem_asl.dylib
0x000000001cf96000 	/usr/lib/system/libsystem_blocks.dylib
0x000000001cf96000 	/usr/lib/system/libsystem_c.dylib
0x000000001cf96000 	/usr/lib/system/libsystem_configuration.dylib
0x000000001cf96000 	/usr/lib/system/libsystem_coreservices.dylib
0x000000001cf96000 	/usr/lib/system/libsystem_darwin.dylib
0x000000001cf96000 	/usr/lib/system/libsystem_dnssd.dylib
0x000000001cf96000 	/usr/lib/system/libsystem_info.dylib
0x000000001cf96000 	/usr/lib/system/libsystem_m.dylib
0x000000001cf96000 	/usr/lib/system/libsystem_malloc.dylib
0x000000001cf96000 	/usr/lib/system/libsystem_network.dylib
0x000000001cf96000 	/usr/lib/system/libsystem_networkextension.dylib
0x000000001cf96000 	/usr/lib/system/libsystem_notify.dylib
0x000000001cf96000 	/usr/lib/system/libsystem_sandbox.dylib
0x000000001cf96000 	/usr/lib/system/libsystem_secinit.dylib
0x000000001cf96000 	/usr/lib/system/libsystem_kernel.dylib
0x000000001cf96000 	/usr/lib/system/libsystem_platform.dylib
0x000000001cf96000 	/usr/lib/system/libsystem_pthread.dylib
0x000000001cf96000 	/usr/lib/system/libsystem_symptoms.dylib
0x000000001cf96000 	/usr/lib/system/libsystem_trace.dylib
0x000000001cf96000 	/usr/lib/system/libunwind.dylib
0x000000001cf96000 	/usr/lib/system/libxpc.dylib
0x000000001cf96000 	/usr/lib/closure/libclosured.dylib
0x000000001cf96000 	/usr/lib/libbsm.0.dylib
0x000000001cf96000 	/usr/lib/system/libkxld.dylib
0x000000001cf96000 	/usr/lib/libOpenScriptingUtil.dylib
0x000000001cf96000 	/usr/lib/libcoretls.dylib
0x000000001cf96000 	/usr/lib/libcoretls_cfhelpers.dylib
0x000000001cf96000 	/usr/lib/libpam.2.dylib
0x000000001cf96000 	/usr/lib/libsqlite3.dylib
0x000000001cf96000 	/usr/lib/libxar.1.dylib
0x000000001cf96000 	/usr/lib/libbz2.1.0.dylib
0x000000001cf96000 	/usr/lib/liblzma.5.dylib
0x000000001cf96000 	/usr/lib/libnetwork.dylib
0x000000001cf96000 	/usr/lib/libapple_nghttp2.dylib
0x000000001cf96000 	/usr/lib/libpcap.A.dylib
0x000000001cf96000 	/usr/lib/libboringssl.dylib
0x000000001cf96000 	/usr/lib/libusrtcp.dylib
0x000000001cf96000 	/usr/lib/libapple_crypto.dylib
0x000000001cf96000 	/System/Library/Frameworks/CoreServices.framework/Versions/A/Frameworks/FSEvents.framework/Versions/A/FSEvents
0x000000001cf96000 	/System/Library/Frameworks/CoreServices.framework/Versions/A/Frameworks/CarbonCore.framework/Versions/A/CarbonCore
0x000000001cf96000 	/System/Library/Frameworks/CoreServices.framework/Versions/A/Frameworks/Metadata.framework/Versions/A/Metadata
0x000000001cf96000 	/System/Library/Frameworks/CoreServices.framework/Versions/A/Frameworks/OSServices.framework/Versions/A/OSServices
0x000000001cf96000 	/System/Library/Frameworks/CoreServices.framework/Versions/A/Frameworks/SearchKit.framework/Versions/A/SearchKit
0x000000001cf96000 	/System/Library/Frameworks/CoreServices.framework/Versions/A/Frameworks/AE.framework/Versions/A/AE
0x000000001cf96000 	/System/Library/Frameworks/CoreServices.framework/Versions/A/Frameworks/LaunchServices.framework/Versions/A/LaunchServices
0x000000001cf96000 	/System/Library/Frameworks/CoreServices.framework/Versions/A/Frameworks/DictionaryServices.framework/Versions/A/DictionaryServices
0x000000001cf96000 	/System/Library/Frameworks/CoreServices.framework/Versions/A/Frameworks/SharedFileList.framework/Versions/A/SharedFileList
0x000000001cf96000 	/System/Library/Frameworks/NetFS.framework/Versions/A/NetFS
0x000000001cf96000 	/System/Library/PrivateFrameworks/NetAuth.framework/Versions/A/NetAuth
0x000000001cf96000 	/System/Library/PrivateFrameworks/login.framework/Versions/A/Frameworks/loginsupport.framework/Versions/A/loginsupport
0x000000001cf96000 	/System/Library/PrivateFrameworks/TCC.framework/Versions/A/TCC
0x000000001cf96000 	/usr/lib/libmecabra.dylib
0x000000001cf96000 	/System/Library/Frameworks/ApplicationServices.framework/Versions/A/Frameworks/ATS.framework/Versions/A/ATS
0x000000001cf96000 	/System/Library/Frameworks/ApplicationServices.framework/Versions/A/Frameworks/ColorSyncLegacy.framework/Versions/A/ColorSyncLegacy
0x000000001cf96000 	/System/Library/Frameworks/ApplicationServices.framework/Versions/A/Frameworks/HIServices.framework/Versions/A/HIServices
0x000000001cf96000 	/System/Library/Frameworks/ApplicationServices.framework/Versions/A/Frameworks/LangAnalysis.framework/Versions/A/LangAnalysis
0x000000001cf96000 	/System/Library/Frameworks/ApplicationServices.framework/Versions/A/Frameworks/PrintCore.framework/Versions/A/PrintCore
0x000000001cf96000 	/System/Library/Frameworks/ApplicationServices.framework/Versions/A/Frameworks/QD.framework/Versions/A/QD
0x000000001cf96000 	/System/Library/Frameworks/ApplicationServices.framework/Versions/A/Frameworks/SpeechSynthesis.framework/Versions/A/SpeechSynthesis
0x000000001cf96000 	/System/Library/Frameworks/CoreDisplay.framework/Versions/A/CoreDisplay
0x000000001cf96000 	/System/Library/Frameworks/Accelerate.framework/Versions/A/Frameworks/vImage.framework/Versions/A/vImage
0x000000001cf96000 	/System/Library/Frameworks/Accelerate.framework/Versions/A/Frameworks/vecLib.framework/Versions/A/vecLib
0x000000001cf96000 	/System/Library/Frameworks/Accelerate.framework/Versions/A/Frameworks/vecLib.framework/Versions/A/libvDSP.dylib
0x000000001cf96000 	/System/Library/Frameworks/Accelerate.framework/Versions/A/Frameworks/vecLib.framework/Versions/A/libBNNS.dylib
0x000000001cf96000 	/System/Library/Frameworks/Accelerate.framework/Versions/A/Frameworks/vecLib.framework/Versions/A/libQuadrature.dylib
0x000000001cf96000 	/System/Library/Frameworks/Accelerate.framework/Versions/A/Frameworks/vecLib.framework/Versions/A/libvMisc.dylib
0x000000001cf96000 	/System/Library/Frameworks/Accelerate.framework/Versions/A/Frameworks/vecLib.framework/Versions/A/libLAPACK.dylib
0x000000001cf96000 	/System/Library/Frameworks/Accelerate.framework/Versions/A/Frameworks/vecLib.framework/Versions/A/libBLAS.dylib
0x000000001cf96000 	/System/Library/Frameworks/Accelerate.framework/Versions/A/Frameworks/vecLib.framework/Versions/A/libLinearAlgebra.dylib
0x000000001cf96000 	/System/Library/Frameworks/Accelerate.framework/Versions/A/Frameworks/vecLib.framework/Versions/A/libSparse.dylib
0x000000001cf96000 	/System/Library/Frameworks/Accelerate.framework/Versions/A/Frameworks/vecLib.framework/Versions/A/libSparseBLAS.dylib
0x000000001cf96000 	/System/Library/PrivateFrameworks/IOAccelerator.framework/Versions/A/IOAccelerator
0x000000001cf96000 	/System/Library/PrivateFrameworks/IOPresentment.framework/Versions/A/IOPresentment
0x000000001cf96000 	/System/Library/PrivateFrameworks/DSExternalDisplay.framework/Versions/A/DSExternalDisplay
0x000000001cf96000 	/System/Library/Frameworks/OpenGL.framework/Versions/A/Libraries/libCoreFSCache.dylib
0x000000001cf96000 	/System/Library/Frameworks/CoreVideo.framework/Versions/A/CoreVideo
0x000000001cf96000 	/System/Library/PrivateFrameworks/GraphVisualizer.framework/Versions/A/GraphVisualizer
0x000000001cf96000 	/System/Library/Frameworks/MetalPerformanceShaders.framework/Versions/A/MetalPerformanceShaders
0x000000001cf96000 	/usr/lib/libFosl_dynamic.dylib
0x000000001cf96000 	/System/Library/PrivateFrameworks/FaceCore.framework/Versions/A/FaceCore
0x000000001cf96000 	/System/Library/Frameworks/OpenCL.framework/Versions/A/OpenCL
0x000000001cf96000 	/usr/lib/libcompression.dylib
0x000000001cf96000 	/System/Library/Frameworks/ApplicationServices.framework/Versions/A/Frameworks/ATS.framework/Versions/A/Resources/libFontParser.dylib
0x000000001cf96000 	/System/Library/Frameworks/ApplicationServices.framework/Versions/A/Frameworks/ATS.framework/Versions/A/Resources/libFontRegistry.dylib
0x000000001cf96000 	/System/Library/Frameworks/ImageIO.framework/Versions/A/Resources/libJPEG.dylib
0x000000001cf96000 	/System/Library/Frameworks/ImageIO.framework/Versions/A/Resources/libTIFF.dylib
0x000000001cf96000 	/System/Library/Frameworks/ImageIO.framework/Versions/A/Resources/libPng.dylib
0x000000001cf96000 	/System/Library/Frameworks/ImageIO.framework/Versions/A/Resources/libGIF.dylib
0x000000001cf96000 	/System/Library/Frameworks/ImageIO.framework/Versions/A/Resources/libJP2.dylib
0x000000001cf96000 	/System/Library/Frameworks/ImageIO.framework/Versions/A/Resources/libRadiance.dylib
0x000000001cf96000 	/System/Library/PrivateFrameworks/AppleJPEG.framework/Versions/A/AppleJPEG
0x000000001cf96000 	/System/Library/PrivateFrameworks/MetalTools.framework/Versions/A/MetalTools
0x000000001cf96000 	/System/Library/Frameworks/MetalPerformanceShaders.framework/Frameworks/MPSCore.framework/Versions/A/MPSCore
0x000000001cf96000 	/System/Library/Frameworks/MetalPerformanceShaders.framework/Frameworks/MPSImage.framework/Versions/A/MPSImage
0x000000001cf96000 	/System/Library/Frameworks/MetalPerformanceShaders.framework/Frameworks/MPSMatrix.framework/Versions/A/MPSMatrix
0x000000001cf96000 	/System/Library/Frameworks/MetalPerformanceShaders.framework/Frameworks/MPSNeuralNetwork.framework/Versions/A/MPSNeuralNetwork
0x000000001cf96000 	/System/Library/Frameworks/OpenGL.framework/Versions/A/Libraries/libGLU.dylib
0x000000001cf96000 	/System/Library/Frameworks/OpenGL.framework/Versions/A/Libraries/libGFXShared.dylib
0x000000001cf96000 	/System/Library/Frameworks/OpenGL.framework/Versions/A/Libraries/libGL.dylib
0x000000001cf96000 	/System/Library/Frameworks/OpenGL.framework/Versions/A/Libraries/libGLImage.dylib
0x000000001cf96000 	/System/Library/Frameworks/OpenGL.framework/Versions/A/Libraries/libCVMSPluginSupport.dylib
0x000000001cf96000 	/System/Library/Frameworks/OpenGL.framework/Versions/A/Libraries/libCoreVMClient.dylib
0x000000001cf96000 	/usr/lib/libcups.2.dylib
0x000000001cf96000 	/System/Library/Frameworks/Kerberos.framework/Versions/A/Kerberos
0x000000001cf96000 	/System/Library/Frameworks/GSS.framework/Versions/A/GSS
0x000000001cf96000 	/usr/lib/libresolv.9.dylib
0x000000001cf96000 	/usr/lib/libiconv.2.dylib
0x000000001cf96000 	/System/Library/PrivateFrameworks/Heimdal.framework/Versions/A/Heimdal
0x000000001cf96000 	/usr/lib/libheimdal-asn1.dylib
0x000000001cf96000 	/System/Library/Frameworks/OpenDirectory.framework/Versions/A/OpenDirectory
0x000000001cf96000 	/System/Library/PrivateFrameworks/CommonAuth.framework/Versions/A/CommonAuth
0x000000001cf96000 	/System/Library/Frameworks/OpenDirectory.framework/Versions/A/Frameworks/CFOpenDirectory.framework/Versions/A/CFOpenDirectory
0x000000001cf96000 	/System/Library/Frameworks/SecurityFoundation.framework/Versions/A/SecurityFoundation
0x000000001cf96000 	/System/Library/PrivateFrameworks/APFS.framework/Versions/A/APFS
0x000000001cf96000 	/usr/lib/libutil.dylib
0x000000001cf96000 	/System/Library/PrivateFrameworks/AppleSauce.framework/Versions/A/AppleSauce
0x000000001cf96000 	/System/Library/PrivateFrameworks/LinguisticData.framework/Versions/A/LinguisticData
0x000000001cf96000 	/usr/lib/libmarisa.dylib
0x000000001cf96000 	/System/Library/PrivateFrameworks/Lexicon.framework/Versions/A/Lexicon
0x000000001cf96000 	/usr/lib/libChineseTokenizer.dylib
0x000000001cf96000 	/usr/lib/libcmph.dylib
0x000000001cf96000 	/System/Library/PrivateFrameworks/LanguageModeling.framework/Versions/A/LanguageModeling
0x000000001cf96000 	/System/Library/PrivateFrameworks/CoreEmoji.framework/Versions/A/CoreEmoji
0x000000001cf96000 	/System/Library/Frameworks/ServiceManagement.framework/Versions/A/ServiceManagement
0x000000001cf96000 	/System/Library/PrivateFrameworks/BackgroundTaskManagement.framework/Versions/A/BackgroundTaskManagement
0x000000001cf96000 	/usr/lib/libxslt.1.dylib
0x000000001cf96000 	/System/Library/Frameworks/Carbon.framework/Versions/A/Frameworks/Ink.framework/Versions/A/Ink
0x000000001cf96000 	/System/Library/PrivateFrameworks/TextureIO.framework/Versions/A/TextureIO
0x000000001cf96000 	/usr/lib/libate.dylib
0x000000001cf96000 	/System/Library/PrivateFrameworks/CrashReporterSupport.framework/Versions/A/CrashReporterSupport
0x000000001cf96000 	/System/Library/PrivateFrameworks/Sharing.framework/Versions/A/Sharing
0x000000001cf96000 	/System/Library/PrivateFrameworks/IconServices.framework/Versions/A/IconServices
0x000000001cf96000 	/System/Library/PrivateFrameworks/ProtocolBuffer.framework/Versions/A/ProtocolBuffer
0x000000001cf96000 	/System/Library/PrivateFrameworks/Apple80211.framework/Versions/A/Apple80211
0x000000001cf96000 	/System/Library/Frameworks/CoreWLAN.framework/Versions/A/CoreWLAN
0x000000001cf96000 	/System/Library/PrivateFrameworks/CoreUtils.framework/Versions/A/CoreUtils
0x000000001cf96000 	/System/Library/Frameworks/IOBluetooth.framework/Versions/A/IOBluetooth
0x000000001cf96000 	/System/Library/PrivateFrameworks/CoreWiFi.framework/Versions/A/CoreWiFi
0x000000001cf96000 	/System/Library/Frameworks/CoreBluetooth.framework/Versions/A/CoreBluetooth
0x000000001cf96000 	/System/Library/PrivateFrameworks/SignpostNotification.framework/Versions/A/SignpostNotification
0x000000001cf96000 	/System/Library/PrivateFrameworks/DebugSymbols.framework/Versions/A/DebugSymbols
0x000000001cf96000 	/System/Library/PrivateFrameworks/CoreSymbolication.framework/Versions/A/CoreSymbolication
0x000000001cf96000 	/System/Library/PrivateFrameworks/Symbolication.framework/Versions/A/Symbolication
0x000000001cf96000 	/System/Library/PrivateFrameworks/AppleFSCompression.framework/Versions/A/AppleFSCompression
0x000000001cf96000 	/System/Library/PrivateFrameworks/SpeechRecognitionCore.framework/Versions/A/SpeechRecognitionCore
0x0000000105e00000 	/Library/Java/JavaVirtualMachines/jdk1.8.0_161.jdk/Contents/Home/jre/lib/server/libjvm.dylib
0x000000001cf96000 	/usr/lib/libstdc++.6.0.9.dylib
0x000000010552f000 	/Library/Java/JavaVirtualMachines/jdk1.8.0_161.jdk/Contents/Home/jre/lib/libverify.dylib
0x000000010553d000 	/Library/Java/JavaVirtualMachines/jdk1.8.0_161.jdk/Contents/Home/jre/lib/libjava.dylib
0x00000001055bd000 	/Library/Java/JavaVirtualMachines/jdk1.8.0_161.jdk/Contents/Home/jre/lib/libzip.dylib
0x000000010fdcf000 	/Users/tedgamester/Documents/apache-maven-3.5.2/lib/jansi-native/osx/libjansi.jnilib
0x000000010feba000 	/Library/Java/JavaVirtualMachines/jdk1.8.0_161.jdk/Contents/Home/jre/lib/libnet.dylib
0x000000010fed1000 	/Library/Java/JavaVirtualMachines/jdk1.8.0_161.jdk/Contents/Home/jre/lib/libnio.dylib

VM Arguments:
jvm_args: -Dclassworlds.conf=/Users/tedgamester/Documents/apache-maven-3.5.2/bin/m2.conf -Dmaven.home=/Users/tedgamester/Documents/apache-maven-3.5.2 -Dlibrary.jansi.path=/Users/tedgamester/Documents/apache-maven-3.5.2/lib/jansi-native -Dmaven.multiModuleProjectDirectory=/Volumes/edge2/movies-java-spring-data-neo4j 
java_command: org.codehaus.plexus.classworlds.launcher.Launcher clean install -DskipTests
java_class_path (initial): /Users/tedgamester/Documents/apache-maven-3.5.2/boot/plexus-classworlds-2.5.2.jar
Launcher Type: SUN_STANDARD

Environment Variables:
PATH=/usr/local/bin:/usr/bin:/bin:/usr/sbin:/sbin:/Users/tedgamester/Documents/apache-maven-3.5.2/bin
SHELL=/bin/bash

Signal Handlers:
SIGSEGV: [libjvm.dylib+0x5b5439], sa_mask[0]=11111111011111110111111111111111, sa_flags=SA_ONSTACK|SA_RESTART|SA_SIGINFO
SIGBUS: [libjvm.dylib+0x5b5439], sa_mask[0]=11111111011111110111111111111111, sa_flags=SA_RESTART|SA_SIGINFO
SIGFPE: [libjvm.dylib+0x48ae24], sa_mask[0]=11111111011111110111111111111111, sa_flags=SA_RESTART|SA_SIGINFO
SIGPIPE: [libjvm.dylib+0x48ae24], sa_mask[0]=11111111011111110111111111111111, sa_flags=SA_RESTART|SA_SIGINFO
SIGXFSZ: [libjvm.dylib+0x48ae24], sa_mask[0]=11111111011111110111111111111111, sa_flags=SA_RESTART|SA_SIGINFO
SIGILL: [libjvm.dylib+0x48ae24], sa_mask[0]=11111111011111110111111111111111, sa_flags=SA_RESTART|SA_SIGINFO
SIGUSR1: SIG_DFL, sa_mask[0]=11011111011111100000000111000110, sa_flags=none
SIGUSR2: [libjvm.dylib+0x48a942], sa_mask[0]=00000000000000000000000000000000, sa_flags=SA_RESTART|SA_SIGINFO
SIGHUP: [libjvm.dylib+0x488f0d], sa_mask[0]=11111111011111110111111111111111, sa_flags=SA_RESTART|SA_SIGINFO
SIGINT: [libjvm.dylib+0x488f0d], sa_mask[0]=11111111011111110111111111111111, sa_flags=SA_RESTART|SA_SIGINFO
SIGTERM: [libjvm.dylib+0x488f0d], sa_mask[0]=11111111011111110111111111111111, sa_flags=SA_RESTART|SA_SIGINFO
SIGQUIT: [libjvm.dylib+0x488f0d], sa_mask[0]=11111111011111110111111111111111, sa_flags=SA_RESTART|SA_SIGINFO


---------------  S Y S T E M  ---------------

OS:Bsduname:Darwin 17.4.0 Darwin Kernel Version 17.4.0: Sun Dec 17 09:19:54 PST 2017; root:xnu-4570.41.2~1/RELEASE_X86_64 x86_64
rlimit: STACK 8192k, CORE 0k, NPROC 5674, NOFILE 10240, AS infinity
load average:4.04 4.09 3.16

CPU:total 4 (initial active 4) (4 cores per cpu, 1 threads per core) family 6 model 158 stepping 9, cmov, cx8, fxsr, mmx, sse, sse2, sse3, ssse3, sse4.1, sse4.2, popcnt, avx, avx2, aes, clmul, erms, rtm, 3dnowpref, lzcnt, tsc, tscinvbit, bmi1, bmi2, adx

Memory: 4k page, physical 67108864k(4027116k free)

/proc/meminfo:


vm_info: Java HotSpot(TM) 64-Bit Server VM (25.161-b12) for bsd-amd64 JRE (1.8.0_161-b12), built on Dec 19 2017 16:22:20 by "java_re" with gcc 4.2.1 (Based on Apple Inc. build 5658) (LLVM build 2336.11.00)

time: Sat Mar 10 07:50:46 2018
elapsed time: 1 seconds (0d 0h 0m 1s)

