#
# A fatal error has been detected by the Java Runtime Environment:
#
#  SIGSEGV (0xb) at pc=0x0000000106dd17cf, pid=9276, tid=0x0000000000004303
#
# JRE version: Java(TM) SE Runtime Environment (8.0_161-b12) (build 1.8.0_161-b12)
# Java VM: Java HotSpot(TM) 64-Bit Server VM (25.161-b12 mixed mode bsd-amd64 compressed oops)
# Problematic frame:
# V  [libjvm.dylib+0x3d17cf]
#
# Failed to write core dump. Core dumps have been disabled. To enable core dumping, try "ulimit -c unlimited" before starting Java again
#
# If you would like to submit a bug report, please visit:
#   http://bugreport.java.com/bugreport/crash.jsp
#

---------------  T H R E A D  ---------------

Current thread (0x00007f8316007000):  JavaThread "C2 CompilerThread1" daemon [_thread_in_native, id=17155, stack(0x000070000cd6c000,0x000070000ce6c000)]

siginfo: si_signo: 11 (SIGSEGV), si_code: 1 (SEGV_MAPERR), si_addr: 0x00007f82166d2c20

Registers:
RAX=0x00007f82166d2bf8, RBX=0x000070000ce68918, RCX=0x00007f8315288b00, RDX=0x000000000003800e
RSP=0x000070000ce68650, RBP=0x000070000ce68710, RSI=0x0000000000000000, RDI=0x00007f831521fb60
R8 =0x0000000000000000, R9 =0x000000010723c100, R10=0x000000010723c1e8, R11=0x000000010723c1f0
R12=0x0000000000000001, R13=0x0000000000000000, R14=0x00007f83157e0a40, R15=0x00007f8315d86280
RIP=0x0000000106dd17cf, EFLAGS=0x0000000000010246, ERR=0x0000000000000004
  TRAPNO=0x000000000000000e

Top of Stack: (sp=0x000070000ce68650)
0x000070000ce68650:   000070000ce68680 0000000000000699
0x000070000ce68660:   0000000000000698 0000000406b631fe
0x000070000ce68670:   0000000000000003 0000000000000002
0x000070000ce68680:   000000050ce68710 00000001414ff630
0x000070000ce68690:   fffffffe00000011 00007f831521fb60
0x000070000ce686a0:   00000001072df460 00007f8314702020
0x000070000ce686b0:   00007f8300000010 00007f8316034d48
0x000070000ce686c0:   00007f8314702020 00007f8315ef3600
0x000070000ce686d0:   00007f8315efb170 00007f8315efb5e8
0x000070000ce686e0:   00000000002a33c0 000070000ce694e0
0x000070000ce686f0:   000070000ce688d8 000070000ce6af80
0x000070000ce68700:   000070000ce68998 000070000ce68918
0x000070000ce68710:   000070000ce68a20 0000000106b621b2
0x000070000ce68720:   000070000ce687f0 00007fff689cc89d
0x000070000ce68730:   00007f8316713be0 00007f8316713be0
0x000070000ce68740:   fd00000070001000 000000000000ffff
0x000070000ce68750:   000070000ce68850 0000000106db5ec6
0x000070000ce68760:   0000000000000200 00007f83157c01c0
0x000070000ce68770:   000000090ce6006b 0000000106072a00
0x000070000ce68780:   00007f8317121030 0000000000000000
0x000070000ce68790:   000000010606a380 0000000000000000
0x000070000ce687a0:   0000000000000000 0000000000000000
0x000070000ce687b0:   0000000000000000 000000000000d450
0x000070000ce687c0:   000000000ce688d8 000070000ce68890
0x000070000ce687d0:   0000000000000000 000070000ce6af80
0x000070000ce687e0:   00007fffa186a000 000000000000d450
0x000070000ce687f0:   000070000ce68820 00007fff689cc201
0x000070000ce68800:   000000000000d450 000070000ce68890
0x000070000ce68810:   000000000000000c 000000000000d450
0x000070000ce68820:   000070000ce68840 00007fff689cb50b
0x000070000ce68830:   0000000000000000 000070000ce68890
0x000070000ce68840:   000070000ce68880 0000000106e87a0e 

Instructions: (pc=0x0000000106dd17cf)
0x0000000106dd17af:   15 d9 ff 45 8b 67 18 41 83 fc 02 72 43 41 83 c4
0x0000000106dd17bf:   fe 49 ff c4 45 31 ed 49 8b 47 08 4a 8b 44 e8 08
0x0000000106dd17cf:   8b 40 28 48 8b 4b 38 48 8b 49 68 4c 39 34 c1 74
0x0000000106dd17df:   17 48 63 c0 48 8b 4b 40 48 8b 49 18 8b 34 81 48 

Register to memory mapping:

RAX=0x00007f82166d2bf8 is an unknown value
RBX=0x000070000ce68918 is pointing into the stack for thread: 0x00007f8316007000
RCX=0x00007f8315288b00 is an unknown value
RDX=0x000000000003800e is an unknown value
RSP=0x000070000ce68650 is pointing into the stack for thread: 0x00007f8316007000
RBP=0x000070000ce68710 is pointing into the stack for thread: 0x00007f8316007000
RSI=0x0000000000000000 is an unknown value
RDI=0x00007f831521fb60 is an unknown value
R8 =0x0000000000000000 is an unknown value
R9 =0x000000010723c100: _ZTV26ReleaseJavaMonitorsClosure+0x10 in /Library/Java/JavaVirtualMachines/jdk1.8.0_161.jdk/Contents/Home/jre/lib/server/libjvm.dylib at 0x0000000106a00000
R10=0x000000010723c1e8: _ZL8tc_mutex+0x18 in /Library/Java/JavaVirtualMachines/jdk1.8.0_161.jdk/Contents/Home/jre/lib/server/libjvm.dylib at 0x0000000106a00000
R11=0x000000010723c1f0: _ZL8tc_mutex+0x20 in /Library/Java/JavaVirtualMachines/jdk1.8.0_161.jdk/Contents/Home/jre/lib/server/libjvm.dylib at 0x0000000106a00000
R12=0x0000000000000001 is an unknown value
R13=0x0000000000000000 is an unknown value
R14=0x00007f83157e0a40 is an unknown value
R15=0x00007f8315d86280 is an unknown value


Stack: [0x000070000cd6c000,0x000070000ce6c000],  sp=0x000070000ce68650,  free space=1009k
Native frames: (J=compiled Java code, j=interpreted, Vv=VM code, C=native code)
V  [libjvm.dylib+0x3d17cf]
V  [libjvm.dylib+0x1621b2]
V  [libjvm.dylib+0x1b071c]
V  [libjvm.dylib+0x1b4919]
V  [libjvm.dylib+0x1518be]
V  [libjvm.dylib+0x1b7fb6]
V  [libjvm.dylib+0x1ba4fd]
V  [libjvm.dylib+0x56edef]
V  [libjvm.dylib+0x5704ea]
V  [libjvm.dylib+0x48d83a]
C  [libsystem_pthread.dylib+0x36c1]  _pthread_body+0x154
C  [libsystem_pthread.dylib+0x356d]  _pthread_body+0x0
C  [libsystem_pthread.dylib+0x2c5d]  thread_start+0xd
C  0x0000000000000000


Current CompileTask:
C2:   2288 3304   !   4       java.net.URLClassLoader$1::run (63 bytes)


---------------  P R O C E S S  ---------------

Java Threads: ( => current thread )
  0x00007f8314848800 JavaThread "Service Thread" daemon [_thread_blocked, id=16387, stack(0x000070000cf72000,0x000070000d072000)]
  0x00007f8316008000 JavaThread "C1 CompilerThread2" daemon [_thread_in_vm, id=12803, stack(0x000070000ce6f000,0x000070000cf6f000)]
=>0x00007f8316007000 JavaThread "C2 CompilerThread1" daemon [_thread_in_native, id=17155, stack(0x000070000cd6c000,0x000070000ce6c000)]
  0x00007f831506a000 JavaThread "C2 CompilerThread0" daemon [_thread_in_native, id=17667, stack(0x000070000cc69000,0x000070000cd69000)]
  0x00007f831505d800 JavaThread "Signal Dispatcher" daemon [_thread_blocked, id=18187, stack(0x000070000cb66000,0x000070000cc66000)]
  0x00007f8315059000 JavaThread "Finalizer" daemon [_thread_blocked, id=11267, stack(0x000070000ca63000,0x000070000cb63000)]
  0x00007f8315056800 JavaThread "Reference Handler" daemon [_thread_blocked, id=20483, stack(0x000070000c960000,0x000070000ca60000)]
  0x00007f8315802000 JavaThread "main" [_thread_in_Java, id=6403, stack(0x000070000c34e000,0x000070000c44e000)]

Other Threads:
  0x00007f8315051800 VMThread [stack: 0x000070000c85d000,0x000070000c95d000] [id=20995]
  0x00007f8316023000 WatcherThread [stack: 0x000070000d075000,0x000070000d175000] [id=13059]

VM state:not at safepoint (normal execution)

VM Mutex/Monitor currently owned by a thread: None

Heap:
 PSYoungGen      total 567808K, used 15621K [0x000000066ab00000, 0x0000000690000000, 0x00000007c0000000)
  eden space 524288K, 2% used [0x000000066ab00000,0x000000066ba415d8,0x000000068ab00000)
  from space 43520K, 0% used [0x000000068d580000,0x000000068d580000,0x0000000690000000)
  to   space 43520K, 0% used [0x000000068ab00000,0x000000068ab00000,0x000000068d580000)
 ParOldGen       total 411136K, used 19576K [0x00000003c0000000, 0x00000003d9180000, 0x000000066ab00000)
  object space 411136K, 4% used [0x00000003c0000000,0x00000003c131e0d0,0x00000003d9180000)
 Metaspace       used 21259K, capacity 21694K, committed 21808K, reserved 1069056K
  class space    used 2567K, capacity 2687K, committed 2688K, reserved 1048576K

Card table byte_map: [0x0000000117439000,0x000000011943a000] byte_map_base: 0x0000000115639000

Marking Bits: (ParMarkBitMap*) 0x00000001072f76c0
 Begin Bits: [0x000000011a990000, 0x000000012a990000)
 End Bits:   [0x000000012a990000, 0x000000013a990000)

Polling page: 0x00000001060ca000

CodeCache: size=245760Kb used=10722Kb max_used=10722Kb free=235037Kb
 bounds [0x0000000108439000, 0x0000000108ec9000, 0x0000000117439000]
 total_blobs=3732 nmethods=3347 adapters=298
 compilation: enabled

Compilation events (10 events):
Event: 2.267 Thread 0x00007f8316008000 3353       3       java.util.jar.JarFile::match (116 bytes)
Event: 2.268 Thread 0x00007f8316008000 nmethod 3353 0x0000000108eb5190 code [0x0000000108eb5340, 0x0000000108eb5810]
Event: 2.268 Thread 0x00007f8316008000 3354       1       sun.misc.URLClassPath::access$200 (5 bytes)
Event: 2.268 Thread 0x00007f8316008000 nmethod 3354 0x0000000108eb5b90 code [0x0000000108eb5ce0, 0x0000000108eb5dd0]
Event: 2.268 Thread 0x00007f8316008000 3355       1       sun.misc.URLClassPath::access$300 (5 bytes)
Event: 2.268 Thread 0x00007f8316008000 nmethod 3355 0x0000000108eb5e50 code [0x0000000108eb5fa0, 0x0000000108eb6090]
Event: 2.272 Thread 0x00007f8316008000 3356       3       java.util.regex.Pattern::bitsOrSingle (104 bytes)
Event: 2.272 Thread 0x00007f8316008000 nmethod 3356 0x0000000108eb6110 code [0x0000000108eb62c0, 0x0000000108eb6a18]
Event: 2.272 Thread 0x00007f8316008000 3357       3       java.util.regex.Pattern$BitClass::add (97 bytes)
Event: 2.273 Thread 0x00007f8316008000 nmethod 3357 0x0000000108eb6b50 code [0x0000000108eb6d60, 0x0000000108eb76d8]

GC Heap History (6 events):
Event: 1.871 GC heap before
{Heap before GC invocations=1 (full 0):
 PSYoungGen      total 305664K, used 262144K [0x000000066ab00000, 0x0000000680000000, 0x00000007c0000000)
  eden space 262144K, 100% used [0x000000066ab00000,0x000000067ab00000,0x000000067ab00000)
  from space 43520K, 0% used [0x000000067d580000,0x000000067d580000,0x0000000680000000)
  to   space 43520K, 0% used [0x000000067ab00000,0x000000067ab00000,0x000000067d580000)
 ParOldGen       total 699392K, used 0K [0x00000003c0000000, 0x00000003eab00000, 0x000000066ab00000)
  object space 699392K, 0% used [0x00000003c0000000,0x00000003c0000000,0x00000003eab00000)
 Metaspace       used 17051K, capacity 17402K, committed 17536K, reserved 1064960K
  class space    used 2019K, capacity 2127K, committed 2176K, reserved 1048576K
Event: 1.891 GC heap after
Heap after GC invocations=1 (full 0):
 PSYoungGen      total 305664K, used 27626K [0x000000066ab00000, 0x0000000690000000, 0x00000007c0000000)
  eden space 262144K, 0% used [0x000000066ab00000,0x000000066ab00000,0x000000067ab00000)
  from space 43520K, 63% used [0x000000067ab00000,0x000000067c5fab80,0x000000067d580000)
  to   space 43520K, 0% used [0x000000068d580000,0x000000068d580000,0x0000000690000000)
 ParOldGen       total 699392K, used 24K [0x00000003c0000000, 0x00000003eab00000, 0x000000066ab00000)
  object space 699392K, 0% used [0x00000003c0000000,0x00000003c0006000,0x00000003eab00000)
 Metaspace       used 17051K, capacity 17402K, committed 17536K, reserved 1064960K
  class space    used 2019K, capacity 2127K, committed 2176K, reserved 1048576K
}
Event: 2.152 GC heap before
{Heap before GC invocations=2 (full 0):
 PSYoungGen      total 305664K, used 66574K [0x000000066ab00000, 0x0000000690000000, 0x00000007c0000000)
  eden space 262144K, 14% used [0x000000066ab00000,0x000000066d108c98,0x000000067ab00000)
  from space 43520K, 63% used [0x000000067ab00000,0x000000067c5fab80,0x000000067d580000)
  to   space 43520K, 0% used [0x000000068d580000,0x000000068d580000,0x0000000690000000)
 ParOldGen       total 699392K, used 24K [0x00000003c0000000, 0x00000003eab00000, 0x000000066ab00000)
  object space 699392K, 0% used [0x00000003c0000000,0x00000003c0006000,0x00000003eab00000)
 Metaspace       used 20774K, capacity 21182K, committed 21296K, reserved 1069056K
  class space    used 2504K, capacity 2623K, committed 2688K, reserved 1048576K
Event: 2.165 GC heap after
Heap after GC invocations=2 (full 0):
 PSYoungGen      total 567808K, used 19721K [0x000000066ab00000, 0x0000000690000000, 0x00000007c0000000)
  eden space 524288K, 0% used [0x000000066ab00000,0x000000066ab00000,0x000000068ab00000)
  from space 43520K, 45% used [0x000000068d580000,0x000000068e8c26c8,0x0000000690000000)
  to   space 43520K, 0% used [0x000000068ab00000,0x000000068ab00000,0x000000068d580000)
 ParOldGen       total 699392K, used 32K [0x00000003c0000000, 0x00000003eab00000, 0x000000066ab00000)
  object space 699392K, 0% used [0x00000003c0000000,0x00000003c0008000,0x00000003eab00000)
 Metaspace       used 20774K, capacity 21182K, committed 21296K, reserved 1069056K
  class space    used 2504K, capacity 2623K, committed 2688K, reserved 1048576K
}
Event: 2.165 GC heap before
{Heap before GC invocations=3 (full 1):
 PSYoungGen      total 567808K, used 19721K [0x000000066ab00000, 0x0000000690000000, 0x00000007c0000000)
  eden space 524288K, 0% used [0x000000066ab00000,0x000000066ab00000,0x000000068ab00000)
  from space 43520K, 45% used [0x000000068d580000,0x000000068e8c26c8,0x0000000690000000)
  to   space 43520K, 0% used [0x000000068ab00000,0x000000068ab00000,0x000000068d580000)
 ParOldGen       total 699392K, used 32K [0x00000003c0000000, 0x00000003eab00000, 0x000000066ab00000)
  object space 699392K, 0% used [0x00000003c0000000,0x00000003c0008000,0x00000003eab00000)
 Metaspace       used 20774K, capacity 21182K, committed 21296K, reserved 1069056K
  class space    used 2504K, capacity 2623K, committed 2688K, reserved 1048576K
Event: 2.218 GC heap after
Heap after GC invocations=3 (full 1):
 PSYoungGen      total 567808K, used 0K [0x000000066ab00000, 0x0000000690000000, 0x00000007c0000000)
  eden space 524288K, 0% used [0x000000066ab00000,0x000000066ab00000,0x000000068ab00000)
  from space 43520K, 0% used [0x000000068d580000,0x000000068d580000,0x0000000690000000)
  to   space 43520K, 0% used [0x000000068ab00000,0x000000068ab00000,0x000000068d580000)
 ParOldGen       total 411136K, used 19576K [0x00000003c0000000, 0x00000003d9180000, 0x000000066ab00000)
  object space 411136K, 4% used [0x00000003c0000000,0x00000003c131e0d0,0x00000003d9180000)
 Metaspace       used 20774K, capacity 21182K, committed 21296K, reserved 1069056K
  class space    used 2504K, capacity 2623K, committed 2688K, reserved 1048576K
}

Deoptimization events (10 events):
Event: 1.759 Thread 0x00007f8315802000 Uncommon trap: reason=unstable_if action=reinterpret pc=0x0000000108b98584 method=org.eclipse.sisu.plexus.RealmFilteredBeans$FilteredItr.hasNext()Z @ 44
Event: 1.784 Thread 0x00007f8315802000 Uncommon trap: reason=bimorphic action=maybe_recompile pc=0x00000001089e58f8 method=java.util.regex.Pattern$CharProperty.match(Ljava/util/regex/Matcher;ILjava/lang/CharSequence;)Z @ 37
Event: 1.869 Thread 0x00007f8315802000 Uncommon trap: reason=null_check action=make_not_entrant pc=0x0000000108e0facc method=org.apache.maven.model.validation.DefaultModelValidator.validateEffectiveDependency(Lorg/apache/maven/model/building/ModelProblemCollector;Lorg/apache/maven/model/Depend
Event: 1.895 Thread 0x00007f8315059000 Uncommon trap: reason=unstable_if action=reinterpret pc=0x0000000108932a7c method=java.lang.ref.ReferenceQueue.poll()Ljava/lang/ref/Reference; @ 4
Event: 1.955 Thread 0x00007f8315802000 Uncommon trap: reason=unstable_if action=reinterpret pc=0x0000000108d34e28 method=java.util.concurrent.ConcurrentHashMap.replaceNode(Ljava/lang/Object;Ljava/lang/Object;Ljava/lang/Object;)Ljava/lang/Object; @ 124
Event: 1.975 Thread 0x00007f8315802000 Uncommon trap: reason=bimorphic action=maybe_recompile pc=0x00000001089e58f8 method=java.util.regex.Pattern$CharProperty.match(Ljava/util/regex/Matcher;ILjava/lang/CharSequence;)Z @ 37
Event: 1.978 Thread 0x00007f8315802000 Uncommon trap: reason=unstable_if action=reinterpret pc=0x0000000108e55f74 method=com.google.inject.internal.InjectorImpl.callInContext(Lcom/google/inject/internal/ContextualCallable;)Ljava/lang/Object; @ 161
Event: 2.256 Thread 0x00007f8315802000 Uncommon trap: reason=class_check action=maybe_recompile pc=0x00000001086410e4 method=sun.misc.URLClassPath.getLoader(I)Lsun/misc/URLClassPath$Loader; @ 94
Event: 2.268 Thread 0x00007f8315802000 Uncommon trap: reason=class_check action=maybe_recompile pc=0x00000001086410e4 method=sun.misc.URLClassPath.getLoader(I)Lsun/misc/URLClassPath$Loader; @ 94
Event: 2.268 Thread 0x00007f8315802000 Uncommon trap: reason=unstable_if action=reinterpret pc=0x0000000108bc8630 method=java.nio.charset.CharsetDecoder.decode(Ljava/nio/ByteBuffer;Ljava/nio/CharBuffer;Z)Ljava/nio/charset/CoderResult; @ 1

Classes redefined (0 events):
No events

Internal exceptions (10 events):
Event: 0.836 Thread 0x00007f8315802000 Exception <a 'java/lang/NullPointerException'> (0x00000006704104f0) thrown at [/Users/java_re/workspace/8-2-build-macosx-x86_64/jdk8u161/10277/hotspot/src/share/vm/interpreter/linkResolver.cpp, line 1185]
Event: 0.855 Thread 0x00007f8315802000 Implicit null exception at 0x00000001087502b5 to 0x0000000108750669
Event: 0.855 Thread 0x00007f8315802000 Implicit null exception at 0x000000010864e836 to 0x000000010864ebed
Event: 0.942 Thread 0x00007f8315802000 Implicit null exception at 0x00000001089da60b to 0x00000001089db021
Event: 1.129 Thread 0x00007f8315802000 Implicit null exception at 0x00000001087bad35 to 0x00000001087baf69
Event: 1.129 Thread 0x00007f8315802000 Implicit null exception at 0x0000000108768fef to 0x0000000108769059
Event: 1.250 Thread 0x00007f8315802000 Implicit null exception at 0x0000000108bae60e to 0x0000000108baf189
Event: 1.869 Thread 0x00007f8315802000 Implicit null exception at 0x0000000108e0e87c to 0x0000000108e0fab1
Event: 1.978 Thread 0x00007f8315802000 Implicit null exception at 0x0000000108e54162 to 0x0000000108e55f69
Event: 2.000 Thread 0x00007f8315802000 Exception <a 'java/lang/ClassNotFoundException': com/sun/tools/javac/api/JavacTool> (0x000000066c0c0d20) thrown at [/Users/java_re/workspace/8-2-build-macosx-x86_64/jdk8u161/10277/hotspot/src/share/vm/classfile/systemDictionary.cpp, line 210]

Events (10 events):
Event: 2.272 loading class com/sun/tools/javac/tree/EndPosTable
Event: 2.272 loading class com/sun/tools/javac/tree/EndPosTable done
Event: 2.272 loading class com/sun/tools/javac/parser/JavacParser$AbstractEndPosTable
Event: 2.272 loading class com/sun/tools/javac/parser/JavacParser$AbstractEndPosTable done
Event: 2.272 loading class com/sun/tools/javac/parser/JavacParser$SimpleEndPosTable
Event: 2.272 loading class com/sun/tools/javac/parser/JavacParser$SimpleEndPosTable done
Event: 2.273 loading class com/sun/tools/javac/parser/JavacParser$EmptyEndPosTable
Event: 2.273 loading class com/sun/tools/javac/parser/JavacParser$EmptyEndPosTable done
Event: 2.273 loading class com/sun/tools/javac/tree/DocCommentTable
Event: 2.273 loading class com/sun/tools/javac/tree/DocCommentTable done


Dynamic libraries:
0x00000000194df000 	/System/Library/Frameworks/Cocoa.framework/Versions/A/Cocoa
0x00000000194df000 	/System/Library/Frameworks/Security.framework/Versions/A/Security
0x00000000194df000 	/System/Library/Frameworks/ApplicationServices.framework/Versions/A/ApplicationServices
0x00000000194df000 	/usr/lib/libz.1.dylib
0x00000000194df000 	/usr/lib/libSystem.B.dylib
0x00000000194df000 	/usr/lib/libobjc.A.dylib
0x00000000194df000 	/System/Library/Frameworks/CoreFoundation.framework/Versions/A/CoreFoundation
0x00000000194df000 	/System/Library/Frameworks/Foundation.framework/Versions/C/Foundation
0x00000000194df000 	/System/Library/Frameworks/AppKit.framework/Versions/C/AppKit
0x00000000194df000 	/System/Library/Frameworks/CoreData.framework/Versions/A/CoreData
0x00000000194df000 	/System/Library/PrivateFrameworks/RemoteViewServices.framework/Versions/A/RemoteViewServices
0x00000000194df000 	/System/Library/PrivateFrameworks/UIFoundation.framework/Versions/A/UIFoundation
0x00000000194df000 	/System/Library/PrivateFrameworks/DFRFoundation.framework/Versions/A/DFRFoundation
0x00000000194df000 	/System/Library/Frameworks/Metal.framework/Versions/A/Metal
0x00000000194df000 	/System/Library/PrivateFrameworks/DesktopServicesPriv.framework/Versions/A/DesktopServicesPriv
0x00000000194df000 	/usr/lib/libenergytrace.dylib
0x00000000194df000 	/System/Library/PrivateFrameworks/SkyLight.framework/Versions/A/SkyLight
0x00000000194df000 	/System/Library/Frameworks/CoreGraphics.framework/Versions/A/CoreGraphics
0x00000000194df000 	/usr/lib/libScreenReader.dylib
0x00000000194df000 	/System/Library/Frameworks/Accelerate.framework/Versions/A/Accelerate
0x00000000194df000 	/System/Library/Frameworks/IOSurface.framework/Versions/A/IOSurface
0x00000000194df000 	/System/Library/Frameworks/AudioToolbox.framework/Versions/A/AudioToolbox
0x00000000194df000 	/System/Library/Frameworks/AudioUnit.framework/Versions/A/AudioUnit
0x00000000194df000 	/System/Library/PrivateFrameworks/DataDetectorsCore.framework/Versions/A/DataDetectorsCore
0x00000000194df000 	/System/Library/Frameworks/Carbon.framework/Versions/A/Frameworks/HIToolbox.framework/Versions/A/HIToolbox
0x00000000194df000 	/usr/lib/libicucore.A.dylib
0x00000000194df000 	/System/Library/Frameworks/QuartzCore.framework/Versions/A/QuartzCore
0x00000000194df000 	/System/Library/Frameworks/Carbon.framework/Versions/A/Frameworks/SpeechRecognition.framework/Versions/A/SpeechRecognition
0x00000000194df000 	/usr/lib/libauto.dylib
0x00000000194df000 	/usr/lib/libxml2.2.dylib
0x00000000194df000 	/System/Library/PrivateFrameworks/CoreUI.framework/Versions/A/CoreUI
0x00000000194df000 	/System/Library/Frameworks/CoreAudio.framework/Versions/A/CoreAudio
0x00000000194df000 	/System/Library/Frameworks/DiskArbitration.framework/Versions/A/DiskArbitration
0x00000000194df000 	/usr/lib/liblangid.dylib
0x00000000194df000 	/System/Library/PrivateFrameworks/MultitouchSupport.framework/Versions/A/MultitouchSupport
0x00000000194df000 	/System/Library/Frameworks/IOKit.framework/Versions/A/IOKit
0x00000000194df000 	/usr/lib/libDiagnosticMessagesClient.dylib
0x00000000194df000 	/System/Library/Frameworks/CoreServices.framework/Versions/A/CoreServices
0x00000000194df000 	/System/Library/PrivateFrameworks/PerformanceAnalysis.framework/Versions/A/PerformanceAnalysis
0x00000000194df000 	/System/Library/Frameworks/OpenGL.framework/Versions/A/OpenGL
0x00000000194df000 	/System/Library/Frameworks/ColorSync.framework/Versions/A/ColorSync
0x00000000194df000 	/System/Library/Frameworks/CoreImage.framework/Versions/A/CoreImage
0x00000000194df000 	/System/Library/Frameworks/CoreText.framework/Versions/A/CoreText
0x00000000194df000 	/System/Library/Frameworks/ImageIO.framework/Versions/A/ImageIO
0x00000000194df000 	/System/Library/PrivateFrameworks/Backup.framework/Versions/A/Backup
0x00000000194df000 	/usr/lib/libarchive.2.dylib
0x00000000194df000 	/System/Library/Frameworks/CFNetwork.framework/Versions/A/CFNetwork
0x00000000194df000 	/System/Library/Frameworks/SystemConfiguration.framework/Versions/A/SystemConfiguration
0x00000000194df000 	/usr/lib/libCRFSuite.dylib
0x00000000194df000 	/usr/lib/libc++.1.dylib
0x00000000194df000 	/usr/lib/libc++abi.dylib
0x00000000194df000 	/usr/lib/system/libcache.dylib
0x00000000194df000 	/usr/lib/system/libcommonCrypto.dylib
0x00000000194df000 	/usr/lib/system/libcompiler_rt.dylib
0x00000000194df000 	/usr/lib/system/libcopyfile.dylib
0x00000000194df000 	/usr/lib/system/libcorecrypto.dylib
0x00000000194df000 	/usr/lib/system/libdispatch.dylib
0x00000000194df000 	/usr/lib/system/libdyld.dylib
0x00000000194df000 	/usr/lib/system/libkeymgr.dylib
0x00000000194df000 	/usr/lib/system/liblaunch.dylib
0x00000000194df000 	/usr/lib/system/libmacho.dylib
0x00000000194df000 	/usr/lib/system/libquarantine.dylib
0x00000000194df000 	/usr/lib/system/libremovefile.dylib
0x00000000194df000 	/usr/lib/system/libsystem_asl.dylib
0x00000000194df000 	/usr/lib/system/libsystem_blocks.dylib
0x00000000194df000 	/usr/lib/system/libsystem_c.dylib
0x00000000194df000 	/usr/lib/system/libsystem_configuration.dylib
0x00000000194df000 	/usr/lib/system/libsystem_coreservices.dylib
0x00000000194df000 	/usr/lib/system/libsystem_darwin.dylib
0x00000000194df000 	/usr/lib/system/libsystem_dnssd.dylib
0x00000000194df000 	/usr/lib/system/libsystem_info.dylib
0x00000000194df000 	/usr/lib/system/libsystem_m.dylib
0x00000000194df000 	/usr/lib/system/libsystem_malloc.dylib
0x00000000194df000 	/usr/lib/system/libsystem_network.dylib
0x00000000194df000 	/usr/lib/system/libsystem_networkextension.dylib
0x00000000194df000 	/usr/lib/system/libsystem_notify.dylib
0x00000000194df000 	/usr/lib/system/libsystem_sandbox.dylib
0x00000000194df000 	/usr/lib/system/libsystem_secinit.dylib
0x00000000194df000 	/usr/lib/system/libsystem_kernel.dylib
0x00000000194df000 	/usr/lib/system/libsystem_platform.dylib
0x00000000194df000 	/usr/lib/system/libsystem_pthread.dylib
0x00000000194df000 	/usr/lib/system/libsystem_symptoms.dylib
0x00000000194df000 	/usr/lib/system/libsystem_trace.dylib
0x00000000194df000 	/usr/lib/system/libunwind.dylib
0x00000000194df000 	/usr/lib/system/libxpc.dylib
0x00000000194df000 	/usr/lib/closure/libclosured.dylib
0x00000000194df000 	/usr/lib/libbsm.0.dylib
0x00000000194df000 	/usr/lib/system/libkxld.dylib
0x00000000194df000 	/usr/lib/libOpenScriptingUtil.dylib
0x00000000194df000 	/usr/lib/libcoretls.dylib
0x00000000194df000 	/usr/lib/libcoretls_cfhelpers.dylib
0x00000000194df000 	/usr/lib/libpam.2.dylib
0x00000000194df000 	/usr/lib/libsqlite3.dylib
0x00000000194df000 	/usr/lib/libxar.1.dylib
0x00000000194df000 	/usr/lib/libbz2.1.0.dylib
0x00000000194df000 	/usr/lib/liblzma.5.dylib
0x00000000194df000 	/usr/lib/libnetwork.dylib
0x00000000194df000 	/usr/lib/libapple_nghttp2.dylib
0x00000000194df000 	/usr/lib/libpcap.A.dylib
0x00000000194df000 	/usr/lib/libboringssl.dylib
0x00000000194df000 	/usr/lib/libusrtcp.dylib
0x00000000194df000 	/usr/lib/libapple_crypto.dylib
0x00000000194df000 	/System/Library/Frameworks/CoreServices.framework/Versions/A/Frameworks/FSEvents.framework/Versions/A/FSEvents
0x00000000194df000 	/System/Library/Frameworks/CoreServices.framework/Versions/A/Frameworks/CarbonCore.framework/Versions/A/CarbonCore
0x00000000194df000 	/System/Library/Frameworks/CoreServices.framework/Versions/A/Frameworks/Metadata.framework/Versions/A/Metadata
0x00000000194df000 	/System/Library/Frameworks/CoreServices.framework/Versions/A/Frameworks/OSServices.framework/Versions/A/OSServices
0x00000000194df000 	/System/Library/Frameworks/CoreServices.framework/Versions/A/Frameworks/SearchKit.framework/Versions/A/SearchKit
0x00000000194df000 	/System/Library/Frameworks/CoreServices.framework/Versions/A/Frameworks/AE.framework/Versions/A/AE
0x00000000194df000 	/System/Library/Frameworks/CoreServices.framework/Versions/A/Frameworks/LaunchServices.framework/Versions/A/LaunchServices
0x00000000194df000 	/System/Library/Frameworks/CoreServices.framework/Versions/A/Frameworks/DictionaryServices.framework/Versions/A/DictionaryServices
0x00000000194df000 	/System/Library/Frameworks/CoreServices.framework/Versions/A/Frameworks/SharedFileList.framework/Versions/A/SharedFileList
0x00000000194df000 	/System/Library/Frameworks/NetFS.framework/Versions/A/NetFS
0x00000000194df000 	/System/Library/PrivateFrameworks/NetAuth.framework/Versions/A/NetAuth
0x00000000194df000 	/System/Library/PrivateFrameworks/login.framework/Versions/A/Frameworks/loginsupport.framework/Versions/A/loginsupport
0x00000000194df000 	/System/Library/PrivateFrameworks/TCC.framework/Versions/A/TCC
0x00000000194df000 	/usr/lib/libmecabra.dylib
0x00000000194df000 	/System/Library/Frameworks/ApplicationServices.framework/Versions/A/Frameworks/ATS.framework/Versions/A/ATS
0x00000000194df000 	/System/Library/Frameworks/ApplicationServices.framework/Versions/A/Frameworks/ColorSyncLegacy.framework/Versions/A/ColorSyncLegacy
0x00000000194df000 	/System/Library/Frameworks/ApplicationServices.framework/Versions/A/Frameworks/HIServices.framework/Versions/A/HIServices
0x00000000194df000 	/System/Library/Frameworks/ApplicationServices.framework/Versions/A/Frameworks/LangAnalysis.framework/Versions/A/LangAnalysis
0x00000000194df000 	/System/Library/Frameworks/ApplicationServices.framework/Versions/A/Frameworks/PrintCore.framework/Versions/A/PrintCore
0x00000000194df000 	/System/Library/Frameworks/ApplicationServices.framework/Versions/A/Frameworks/QD.framework/Versions/A/QD
0x00000000194df000 	/System/Library/Frameworks/ApplicationServices.framework/Versions/A/Frameworks/SpeechSynthesis.framework/Versions/A/SpeechSynthesis
0x00000000194df000 	/System/Library/Frameworks/CoreDisplay.framework/Versions/A/CoreDisplay
0x00000000194df000 	/System/Library/Frameworks/Accelerate.framework/Versions/A/Frameworks/vImage.framework/Versions/A/vImage
0x00000000194df000 	/System/Library/Frameworks/Accelerate.framework/Versions/A/Frameworks/vecLib.framework/Versions/A/vecLib
0x00000000194df000 	/System/Library/Frameworks/Accelerate.framework/Versions/A/Frameworks/vecLib.framework/Versions/A/libvDSP.dylib
0x00000000194df000 	/System/Library/Frameworks/Accelerate.framework/Versions/A/Frameworks/vecLib.framework/Versions/A/libBNNS.dylib
0x00000000194df000 	/System/Library/Frameworks/Accelerate.framework/Versions/A/Frameworks/vecLib.framework/Versions/A/libQuadrature.dylib
0x00000000194df000 	/System/Library/Frameworks/Accelerate.framework/Versions/A/Frameworks/vecLib.framework/Versions/A/libvMisc.dylib
0x00000000194df000 	/System/Library/Frameworks/Accelerate.framework/Versions/A/Frameworks/vecLib.framework/Versions/A/libLAPACK.dylib
0x00000000194df000 	/System/Library/Frameworks/Accelerate.framework/Versions/A/Frameworks/vecLib.framework/Versions/A/libBLAS.dylib
0x00000000194df000 	/System/Library/Frameworks/Accelerate.framework/Versions/A/Frameworks/vecLib.framework/Versions/A/libLinearAlgebra.dylib
0x00000000194df000 	/System/Library/Frameworks/Accelerate.framework/Versions/A/Frameworks/vecLib.framework/Versions/A/libSparse.dylib
0x00000000194df000 	/System/Library/Frameworks/Accelerate.framework/Versions/A/Frameworks/vecLib.framework/Versions/A/libSparseBLAS.dylib
0x00000000194df000 	/System/Library/PrivateFrameworks/IOAccelerator.framework/Versions/A/IOAccelerator
0x00000000194df000 	/System/Library/PrivateFrameworks/IOPresentment.framework/Versions/A/IOPresentment
0x00000000194df000 	/System/Library/PrivateFrameworks/DSExternalDisplay.framework/Versions/A/DSExternalDisplay
0x00000000194df000 	/System/Library/Frameworks/OpenGL.framework/Versions/A/Libraries/libCoreFSCache.dylib
0x00000000194df000 	/System/Library/Frameworks/CoreVideo.framework/Versions/A/CoreVideo
0x00000000194df000 	/System/Library/PrivateFrameworks/GraphVisualizer.framework/Versions/A/GraphVisualizer
0x00000000194df000 	/System/Library/Frameworks/MetalPerformanceShaders.framework/Versions/A/MetalPerformanceShaders
0x00000000194df000 	/usr/lib/libFosl_dynamic.dylib
0x00000000194df000 	/System/Library/PrivateFrameworks/FaceCore.framework/Versions/A/FaceCore
0x00000000194df000 	/System/Library/Frameworks/OpenCL.framework/Versions/A/OpenCL
0x00000000194df000 	/usr/lib/libcompression.dylib
0x00000000194df000 	/System/Library/Frameworks/ApplicationServices.framework/Versions/A/Frameworks/ATS.framework/Versions/A/Resources/libFontParser.dylib
0x00000000194df000 	/System/Library/Frameworks/ApplicationServices.framework/Versions/A/Frameworks/ATS.framework/Versions/A/Resources/libFontRegistry.dylib
0x00000000194df000 	/System/Library/Frameworks/ImageIO.framework/Versions/A/Resources/libJPEG.dylib
0x00000000194df000 	/System/Library/Frameworks/ImageIO.framework/Versions/A/Resources/libTIFF.dylib
0x00000000194df000 	/System/Library/Frameworks/ImageIO.framework/Versions/A/Resources/libPng.dylib
0x00000000194df000 	/System/Library/Frameworks/ImageIO.framework/Versions/A/Resources/libGIF.dylib
0x00000000194df000 	/System/Library/Frameworks/ImageIO.framework/Versions/A/Resources/libJP2.dylib
0x00000000194df000 	/System/Library/Frameworks/ImageIO.framework/Versions/A/Resources/libRadiance.dylib
0x00000000194df000 	/System/Library/PrivateFrameworks/AppleJPEG.framework/Versions/A/AppleJPEG
0x00000000194df000 	/System/Library/PrivateFrameworks/MetalTools.framework/Versions/A/MetalTools
0x00000000194df000 	/System/Library/Frameworks/MetalPerformanceShaders.framework/Frameworks/MPSCore.framework/Versions/A/MPSCore
0x00000000194df000 	/System/Library/Frameworks/MetalPerformanceShaders.framework/Frameworks/MPSImage.framework/Versions/A/MPSImage
0x00000000194df000 	/System/Library/Frameworks/MetalPerformanceShaders.framework/Frameworks/MPSMatrix.framework/Versions/A/MPSMatrix
0x00000000194df000 	/System/Library/Frameworks/MetalPerformanceShaders.framework/Frameworks/MPSNeuralNetwork.framework/Versions/A/MPSNeuralNetwork
0x00000000194df000 	/System/Library/Frameworks/OpenGL.framework/Versions/A/Libraries/libGLU.dylib
0x00000000194df000 	/System/Library/Frameworks/OpenGL.framework/Versions/A/Libraries/libGFXShared.dylib
0x00000000194df000 	/System/Library/Frameworks/OpenGL.framework/Versions/A/Libraries/libGL.dylib
0x00000000194df000 	/System/Library/Frameworks/OpenGL.framework/Versions/A/Libraries/libGLImage.dylib
0x00000000194df000 	/System/Library/Frameworks/OpenGL.framework/Versions/A/Libraries/libCVMSPluginSupport.dylib
0x00000000194df000 	/System/Library/Frameworks/OpenGL.framework/Versions/A/Libraries/libCoreVMClient.dylib
0x00000000194df000 	/usr/lib/libcups.2.dylib
0x00000000194df000 	/System/Library/Frameworks/Kerberos.framework/Versions/A/Kerberos
0x00000000194df000 	/System/Library/Frameworks/GSS.framework/Versions/A/GSS
0x00000000194df000 	/usr/lib/libresolv.9.dylib
0x00000000194df000 	/usr/lib/libiconv.2.dylib
0x00000000194df000 	/System/Library/PrivateFrameworks/Heimdal.framework/Versions/A/Heimdal
0x00000000194df000 	/usr/lib/libheimdal-asn1.dylib
0x00000000194df000 	/System/Library/Frameworks/OpenDirectory.framework/Versions/A/OpenDirectory
0x00000000194df000 	/System/Library/PrivateFrameworks/CommonAuth.framework/Versions/A/CommonAuth
0x00000000194df000 	/System/Library/Frameworks/OpenDirectory.framework/Versions/A/Frameworks/CFOpenDirectory.framework/Versions/A/CFOpenDirectory
0x00000000194df000 	/System/Library/Frameworks/SecurityFoundation.framework/Versions/A/SecurityFoundation
0x00000000194df000 	/System/Library/PrivateFrameworks/APFS.framework/Versions/A/APFS
0x00000000194df000 	/usr/lib/libutil.dylib
0x00000000194df000 	/System/Library/PrivateFrameworks/AppleSauce.framework/Versions/A/AppleSauce
0x00000000194df000 	/System/Library/PrivateFrameworks/LinguisticData.framework/Versions/A/LinguisticData
0x00000000194df000 	/usr/lib/libmarisa.dylib
0x00000000194df000 	/System/Library/PrivateFrameworks/Lexicon.framework/Versions/A/Lexicon
0x00000000194df000 	/usr/lib/libChineseTokenizer.dylib
0x00000000194df000 	/usr/lib/libcmph.dylib
0x00000000194df000 	/System/Library/PrivateFrameworks/LanguageModeling.framework/Versions/A/LanguageModeling
0x00000000194df000 	/System/Library/PrivateFrameworks/CoreEmoji.framework/Versions/A/CoreEmoji
0x00000000194df000 	/System/Library/Frameworks/ServiceManagement.framework/Versions/A/ServiceManagement
0x00000000194df000 	/System/Library/PrivateFrameworks/BackgroundTaskManagement.framework/Versions/A/BackgroundTaskManagement
0x00000000194df000 	/usr/lib/libxslt.1.dylib
0x00000000194df000 	/System/Library/Frameworks/Carbon.framework/Versions/A/Frameworks/Ink.framework/Versions/A/Ink
0x00000000194df000 	/System/Library/PrivateFrameworks/TextureIO.framework/Versions/A/TextureIO
0x00000000194df000 	/usr/lib/libate.dylib
0x00000000194df000 	/System/Library/PrivateFrameworks/CrashReporterSupport.framework/Versions/A/CrashReporterSupport
0x00000000194df000 	/System/Library/PrivateFrameworks/Sharing.framework/Versions/A/Sharing
0x00000000194df000 	/System/Library/PrivateFrameworks/IconServices.framework/Versions/A/IconServices
0x00000000194df000 	/System/Library/PrivateFrameworks/ProtocolBuffer.framework/Versions/A/ProtocolBuffer
0x00000000194df000 	/System/Library/PrivateFrameworks/Apple80211.framework/Versions/A/Apple80211
0x00000000194df000 	/System/Library/Frameworks/CoreWLAN.framework/Versions/A/CoreWLAN
0x00000000194df000 	/System/Library/PrivateFrameworks/CoreUtils.framework/Versions/A/CoreUtils
0x00000000194df000 	/System/Library/Frameworks/IOBluetooth.framework/Versions/A/IOBluetooth
0x00000000194df000 	/System/Library/PrivateFrameworks/CoreWiFi.framework/Versions/A/CoreWiFi
0x00000000194df000 	/System/Library/Frameworks/CoreBluetooth.framework/Versions/A/CoreBluetooth
0x00000000194df000 	/System/Library/PrivateFrameworks/SignpostNotification.framework/Versions/A/SignpostNotification
0x00000000194df000 	/System/Library/PrivateFrameworks/DebugSymbols.framework/Versions/A/DebugSymbols
0x00000000194df000 	/System/Library/PrivateFrameworks/CoreSymbolication.framework/Versions/A/CoreSymbolication
0x00000000194df000 	/System/Library/PrivateFrameworks/Symbolication.framework/Versions/A/Symbolication
0x00000000194df000 	/System/Library/PrivateFrameworks/AppleFSCompression.framework/Versions/A/AppleFSCompression
0x00000000194df000 	/System/Library/PrivateFrameworks/SpeechRecognitionCore.framework/Versions/A/SpeechRecognitionCore
0x0000000106a00000 	/Library/Java/JavaVirtualMachines/jdk1.8.0_161.jdk/Contents/Home/jre/lib/server/libjvm.dylib
0x00000000194df000 	/usr/lib/libstdc++.6.0.9.dylib
0x0000000106086000 	/Library/Java/JavaVirtualMachines/jdk1.8.0_161.jdk/Contents/Home/jre/lib/libverify.dylib
0x0000000106094000 	/Library/Java/JavaVirtualMachines/jdk1.8.0_161.jdk/Contents/Home/jre/lib/libjava.dylib
0x0000000106114000 	/Library/Java/JavaVirtualMachines/jdk1.8.0_161.jdk/Contents/Home/jre/lib/libzip.dylib
0x000000013f9c4000 	/Users/tedgamester/Documents/apache-maven-3.5.2/lib/jansi-native/osx/libjansi.jnilib
0x000000013faa9000 	/Library/Java/JavaVirtualMachines/jdk1.8.0_161.jdk/Contents/Home/jre/lib/libnet.dylib
0x000000013fac0000 	/Library/Java/JavaVirtualMachines/jdk1.8.0_161.jdk/Contents/Home/jre/lib/libnio.dylib

VM Arguments:
jvm_args: -Dclassworlds.conf=/Users/tedgamester/Documents/apache-maven-3.5.2/bin/m2.conf -Dmaven.home=/Users/tedgamester/Documents/apache-maven-3.5.2 -Dlibrary.jansi.path=/Users/tedgamester/Documents/apache-maven-3.5.2/lib/jansi-native -Dmaven.multiModuleProjectDirectory=/Volumes/edge2/movies-java-spring-data-neo4j 
java_command: org.codehaus.plexus.classworlds.launcher.Launcher clean install -DskipTests
java_class_path (initial): /Users/tedgamester/Documents/apache-maven-3.5.2/boot/plexus-classworlds-2.5.2.jar
Launcher Type: SUN_STANDARD

Environment Variables:
PATH=/usr/local/bin:/usr/bin:/bin:/usr/sbin:/sbin:/Users/tedgamester/Documents/apache-maven-3.5.2/bin
SHELL=/bin/bash

Signal Handlers:
SIGSEGV: [libjvm.dylib+0x5b5439], sa_mask[0]=11111111011111110111111111111111, sa_flags=SA_ONSTACK|SA_RESTART|SA_SIGINFO
SIGBUS: [libjvm.dylib+0x5b5439], sa_mask[0]=11111111011111110111111111111111, sa_flags=SA_RESTART|SA_SIGINFO
SIGFPE: [libjvm.dylib+0x48ae24], sa_mask[0]=11111111011111110111111111111111, sa_flags=SA_RESTART|SA_SIGINFO
SIGPIPE: [libjvm.dylib+0x48ae24], sa_mask[0]=11111111011111110111111111111111, sa_flags=SA_RESTART|SA_SIGINFO
SIGXFSZ: [libjvm.dylib+0x48ae24], sa_mask[0]=11111111011111110111111111111111, sa_flags=SA_RESTART|SA_SIGINFO
SIGILL: [libjvm.dylib+0x48ae24], sa_mask[0]=11111111011111110111111111111111, sa_flags=SA_RESTART|SA_SIGINFO
SIGUSR1: SIG_DFL, sa_mask[0]=11011111011111100000000111000110, sa_flags=none
SIGUSR2: [libjvm.dylib+0x48a942], sa_mask[0]=00000000000000000000000000000000, sa_flags=SA_RESTART|SA_SIGINFO
SIGHUP: [libjvm.dylib+0x488f0d], sa_mask[0]=11111111011111110111111111111111, sa_flags=SA_RESTART|SA_SIGINFO
SIGINT: [libjvm.dylib+0x488f0d], sa_mask[0]=11111111011111110111111111111111, sa_flags=SA_RESTART|SA_SIGINFO
SIGTERM: [libjvm.dylib+0x488f0d], sa_mask[0]=11111111011111110111111111111111, sa_flags=SA_RESTART|SA_SIGINFO
SIGQUIT: [libjvm.dylib+0x488f0d], sa_mask[0]=11111111011111110111111111111111, sa_flags=SA_RESTART|SA_SIGINFO


---------------  S Y S T E M  ---------------

OS:Bsduname:Darwin 17.4.0 Darwin Kernel Version 17.4.0: Sun Dec 17 09:19:54 PST 2017; root:xnu-4570.41.2~1/RELEASE_X86_64 x86_64
rlimit: STACK 8192k, CORE 0k, NPROC 5674, NOFILE 10240, AS infinity
load average:2.87 2.53 2.40

CPU:total 4 (initial active 4) (4 cores per cpu, 1 threads per core) family 6 model 158 stepping 9, cmov, cx8, fxsr, mmx, sse, sse2, sse3, ssse3, sse4.1, sse4.2, popcnt, avx, avx2, aes, clmul, erms, rtm, 3dnowpref, lzcnt, tsc, tscinvbit, bmi1, bmi2, adx

Memory: 4k page, physical 67108864k(2737212k free)

/proc/meminfo:


vm_info: Java HotSpot(TM) 64-Bit Server VM (25.161-b12) for bsd-amd64 JRE (1.8.0_161-b12), built on Dec 19 2017 16:22:20 by "java_re" with gcc 4.2.1 (Based on Apple Inc. build 5658) (LLVM build 2336.11.00)

time: Thu Mar 15 10:58:56 2018
elapsed time: 2 seconds (0d 0h 0m 2s)

