#
# A fatal error has been detected by the Java Runtime Environment:
#
#  SIGSEGV (0xb) at pc=0x000000010d8b4c67, pid=39223, tid=0x0000000000004403
#
# JRE version: Java(TM) SE Runtime Environment (8.0_161-b12) (build 1.8.0_161-b12)
# Java VM: Java HotSpot(TM) 64-Bit Server VM (25.161-b12 mixed mode bsd-amd64 compressed oops)
# Problematic frame:
# V  [libjvm.dylib+0x2b4c67]  IndexSetIterator::advance_and_next()+0x9f
#
# Failed to write core dump. Core dumps have been disabled. To enable core dumping, try "ulimit -c unlimited" before starting Java again
#
# If you would like to submit a bug report, please visit:
#   http://bugreport.java.com/bugreport/crash.jsp
#

---------------  T H R E A D  ---------------

Current thread (0x00007fcc1700e000):  JavaThread "C2 CompilerThread0" daemon [_thread_in_native, id=17411, stack(0x0000700004e9a000,0x0000700004f9a000)]

siginfo: si_signo: 11 (SIGSEGV), si_code: 1 (SEGV_MAPERR), si_addr: 0x000000000deeddd0

Registers:
RAX=0x000000000deeddd0, RBX=0x0000700004f96690, RCX=0x0000000000000000, RDX=0x0000000000000e00
RSP=0x0000700004f96660, RBP=0x0000700004f96680, RSI=0x0000000000000002, RDI=0x0000700004f96690
R8 =0x0000000000000010, R9 =0xffffffff00000000, R10=0x000000010de3c1e8, R11=0x000000010de3c1f0
R12=0x000000010deeddd0, R13=0x0000700004f96690, R14=0x000000000000000e, R15=0x0000000000000e00
RIP=0x000000010d8b4c67, EFLAGS=0x0000000000010293, ERR=0x0000000000000004
  TRAPNO=0x000000000000000e

Top of Stack: (sp=0x0000700004f96660)
0x0000700004f96660:   0000700004f968d8 0000000000000002
0x0000700004f96670:   0000000000000000 0000000000000002
0x0000700004f96680:   0000700004f966f0 000000010d8b054b
0x0000700004f96690:   000001e500000000 0000700000000008
0x0000700004f966a0:   000000000deeddd0 0000700000000002
0x0000700004f966b0:   00007fcc193ed260 000000010000003e
0x0000700004f966c0:   0000000119f84d50 0000700004f968d8
0x0000700004f966d0:   0000700004f96730 0000700004f96918
0x0000700004f966e0:   00000000000001e2 000000010deeddd0
0x0000700004f966f0:   0000700004f96710 000000010d8b0580
0x0000700004f96700:   0000700004f974e0 0000700004f975c8
0x0000700004f96710:   0000700004f96a20 000000010d76269a
0x0000700004f96720:   0000700004f967f0 00007fff6c47a89d
0x0000700004f96730:   000000010ded0220 00007fcc0000000d
0x0000700004f96740:   0000700004f98f80 0000700004f974e0
0x0000700004f96750:   0000700000000000 00007fcc193ed770
0x0000700004f96760:   0000000000000200 00007fcc17d8abc0
0x0000700004f96770:   0000000904f9006e 000000010cd00a00
0x0000700004f96780:   00007fcc17dcf148 0000000000000001
0x0000700004f96790:   000000010ccf8380 0000000000000000
0x0000700004f967a0:   0000000000000000 0000000000000a00
0x0000700004f967b0:   0000000000000000 000000000000db50
0x0000700004f967c0:   0000000004f968d8 0000700004f96890
0x0000700004f967d0:   0000000000000000 0000700004f98f80
0x0000700004f967e0:   00007fff0000003c 000000000000db50
0x0000700004f967f0:   000000010ded0220 00007fff0000000d
0x0000700004f96800:   0000700004f98f80 0000700004f974e0
0x0000700004f96810:   0000000000000000 00007fcc1842ec10
0x0000700004f96820:   0000700004f96840 00007fff6c55dbfe
0x0000700004f96830:   0000000000359c15 0000000000000001
0x0000700004f96840:   00007fcc16820600 0000700004f98f80
0x0000700004f96850:   0000000000000000 00007fff6c55db45 

Instructions: (pc=0x000000010d8b4c67)
0x000000010d8b4c47:   e9 6a e3 ea ff 44 89 f0 48 8b 4b 20 48 8b 04 c1
0x000000010d8b4c57:   4c 39 e0 74 2d 48 89 43 10 31 c9 44 89 fa eb 0c
0x000000010d8b4c67:   83 3c 88 00 75 bb 83 c2 20 48 ff c1 83 f9 08 72
0x000000010d8b4c77:   ef 48 8b 7b 30 48 85 ff 74 08 44 89 f6 e8 c7 fe 

Register to memory mapping:

RAX=0x000000000deeddd0 is an unknown value
RBX=0x0000700004f96690 is pointing into the stack for thread: 0x00007fcc1700e000
RCX=0x0000000000000000 is an unknown value
RDX=0x0000000000000e00 is an unknown value
RSP=0x0000700004f96660 is pointing into the stack for thread: 0x00007fcc1700e000
RBP=0x0000700004f96680 is pointing into the stack for thread: 0x00007fcc1700e000
RSI=0x0000000000000002 is an unknown value
RDI=0x0000700004f96690 is pointing into the stack for thread: 0x00007fcc1700e000
R8 =0x0000000000000010 is an unknown value
R9 =0xffffffff00000000 is an unknown value
R10=0x000000010de3c1e8: _ZL8tc_mutex+0x18 in /Library/Java/JavaVirtualMachines/jdk1.8.0_161.jdk/Contents/Home/jre/lib/server/libjvm.dylib at 0x000000010d600000
R11=0x000000010de3c1f0: _ZL8tc_mutex+0x20 in /Library/Java/JavaVirtualMachines/jdk1.8.0_161.jdk/Contents/Home/jre/lib/server/libjvm.dylib at 0x000000010d600000
R12=0x000000010deeddd0: _ZN8IndexSet12_empty_blockE+0 in /Library/Java/JavaVirtualMachines/jdk1.8.0_161.jdk/Contents/Home/jre/lib/server/libjvm.dylib at 0x000000010d600000
R13=0x0000700004f96690 is pointing into the stack for thread: 0x00007fcc1700e000
R14=0x000000000000000e is an unknown value
R15=0x0000000000000e00 is an unknown value


Stack: [0x0000700004e9a000,0x0000700004f9a000],  sp=0x0000700004f96660,  free space=1009k
Native frames: (J=compiled Java code, j=interpreted, Vv=VM code, C=native code)
V  [libjvm.dylib+0x2b4c67]  IndexSetIterator::advance_and_next()+0x9f
V  [libjvm.dylib+0x2b054b]  PhaseIFG::effective_degree(unsigned int) const+0x97
V  [libjvm.dylib+0x2b0580]  PhaseIFG::Compute_Effective_Degree()+0x1e
V  [libjvm.dylib+0x16269a]  PhaseChaitin::Register_Allocate()+0x61e
V  [libjvm.dylib+0x1b071c]  Compile::Code_Gen()+0x14e
V  [libjvm.dylib+0x1b4919]  Compile::Compile(ciEnv*, C2Compiler*, ciMethod*, int, bool, bool, bool)+0x98d
V  [libjvm.dylib+0x1518be]  C2Compiler::compile_method(ciEnv*, ciMethod*, int)+0xb2
V  [libjvm.dylib+0x1b7fb6]  CompileBroker::invoke_compiler_on_method(CompileTask*)+0x5b2
V  [libjvm.dylib+0x1ba4fd]  CompileBroker::compiler_thread_loop()+0x291
V  [libjvm.dylib+0x56edef]  JavaThread::thread_main_inner()+0x9b
V  [libjvm.dylib+0x5704ea]  JavaThread::run()+0x1c2
V  [libjvm.dylib+0x48d83a]  java_start(Thread*)+0xf6
C  [libsystem_pthread.dylib+0x36c1]  _pthread_body+0x154
C  [libsystem_pthread.dylib+0x356d]  _pthread_body+0x0
C  [libsystem_pthread.dylib+0x2c5d]  thread_start+0xd
C  0x0000000000000000


Current CompileTask:
C2:   4034 3679       4       java.net.URLClassLoader$1::run (5 bytes)


---------------  P R O C E S S  ---------------

Java Threads: ( => current thread )
  0x00007fcc17f89800 JavaThread "background-preinit" [_thread_in_vm, id=16643, stack(0x00007000054ac000,0x00007000055ac000)]
  0x00007fcc16cea800 JavaThread "main" [_thread_in_Java, id=14595, stack(0x00007000053a9000,0x00007000054a9000)]
  0x00007fcc16808000 JavaThread "Service Thread" daemon [_thread_blocked, id=13827, stack(0x00007000051a3000,0x00007000052a3000)]
  0x00007fcc1705e000 JavaThread "C1 CompilerThread2" daemon [_thread_blocked, id=17155, stack(0x00007000050a0000,0x00007000051a0000)]
  0x00007fcc1705d800 JavaThread "C2 CompilerThread1" daemon [_thread_in_native, id=13059, stack(0x0000700004f9d000,0x000070000509d000)]
=>0x00007fcc1700e000 JavaThread "C2 CompilerThread0" daemon [_thread_in_native, id=17411, stack(0x0000700004e9a000,0x0000700004f9a000)]
  0x00007fcc1700d000 JavaThread "Signal Dispatcher" daemon [_thread_blocked, id=17675, stack(0x0000700004d97000,0x0000700004e97000)]
  0x00007fcc1780c000 JavaThread "Finalizer" daemon [_thread_blocked, id=11267, stack(0x0000700004c94000,0x0000700004d94000)]
  0x00007fcc17809000 JavaThread "Reference Handler" daemon [_thread_blocked, id=20227, stack(0x0000700004b91000,0x0000700004c91000)]
  0x00007fcc17001800 JavaThread "main" [_thread_blocked, id=10243, stack(0x000070000457f000,0x000070000467f000)]

Other Threads:
  0x00007fcc17049800 VMThread [stack: 0x0000700004a8e000,0x0000700004b8e000] [id=20739]
  0x00007fcc1705c000 WatcherThread [stack: 0x00007000052a6000,0x00007000053a6000] [id=14339]

VM state:not at safepoint (normal execution)

VM Mutex/Monitor currently owned by a thread: None

Heap:
 PSYoungGen      total 305664K, used 132041K [0x000000066ab00000, 0x0000000690000000, 0x00000007c0000000)
  eden space 262144K, 50% used [0x000000066ab00000,0x0000000672bf26a0,0x000000067ab00000)
  from space 43520K, 0% used [0x000000067d580000,0x000000067d580000,0x0000000680000000)
  to   space 43520K, 0% used [0x000000067ab00000,0x000000067ab00000,0x000000067d580000)
 ParOldGen       total 437248K, used 24674K [0x00000003c0000000, 0x00000003dab00000, 0x000000066ab00000)
  object space 437248K, 5% used [0x00000003c0000000,0x00000003c1818a98,0x00000003dab00000)
 Metaspace       used 31334K, capacity 31948K, committed 32256K, reserved 1077248K
  class space    used 3855K, capacity 4007K, committed 4096K, reserved 1048576K

Card table byte_map: [0x000000010e96e000,0x000000011096f000] byte_map_base: 0x000000010cb6e000

Marking Bits: (ParMarkBitMap*) 0x000000010def76c0
 Begin Bits: [0x000000012953f000, 0x000000013953f000)
 End Bits:   [0x000000013953f000, 0x000000014953f000)

Polling page: 0x000000010cd58000

CodeCache: size=245760Kb used=15336Kb max_used=15336Kb free=230423Kb
 bounds [0x000000011a53f000, 0x000000011b44f000, 0x000000012953f000]
 total_blobs=4734 nmethods=4336 adapters=311
 compilation: enabled

Compilation events (10 events):
Event: 4.012 Thread 0x00007fcc1705e000 4357       1       org.springframework.core.io.support.PathMatchingResourcePatternResolver::getPathMatcher (5 bytes)
Event: 4.012 Thread 0x00007fcc1705e000 nmethod 4357 0x000000011b4330d0 code [0x000000011b433220, 0x000000011b433330]
Event: 4.013 Thread 0x00007fcc1705e000 4358       2       java.net.URLStreamHandler::hashCode (128 bytes)
Event: 4.014 Thread 0x00007fcc1705e000 nmethod 4358 0x000000011b433390 code [0x000000011b433560, 0x000000011b433888]
Event: 4.014 Thread 0x00007fcc1705e000 4359       2       org.springframework.core.io.UrlResource::<init> (37 bytes)
Event: 4.014 Thread 0x00007fcc1705e000 nmethod 4359 0x000000011b433b90 code [0x000000011b433d40, 0x000000011b4340d8]
Event: 4.015 Thread 0x00007fcc1705e000 4360       1       java.util.zip.ZipFile::access$400 (5 bytes)
Event: 4.015 Thread 0x00007fcc1705e000 nmethod 4360 0x000000011b4343d0 code [0x000000011b434520, 0x000000011b434610]
Event: 4.015 Thread 0x00007fcc1705e000 4361       2       org.springframework.core.io.UrlResource::hashCode (8 bytes)
Event: 4.016 Thread 0x00007fcc1705e000 nmethod 4361 0x000000011b434690 code [0x000000011b434800, 0x000000011b434b88]

GC Heap History (6 events):
Event: 2.458 GC heap before
{Heap before GC invocations=1 (full 0):
 PSYoungGen      total 305664K, used 262144K [0x000000066ab00000, 0x0000000680000000, 0x00000007c0000000)
  eden space 262144K, 100% used [0x000000066ab00000,0x000000067ab00000,0x000000067ab00000)
  from space 43520K, 0% used [0x000000067d580000,0x000000067d580000,0x0000000680000000)
  to   space 43520K, 0% used [0x000000067ab00000,0x000000067ab00000,0x000000067d580000)
 ParOldGen       total 699392K, used 0K [0x00000003c0000000, 0x00000003eab00000, 0x000000066ab00000)
  object space 699392K, 0% used [0x00000003c0000000,0x00000003c0000000,0x00000003eab00000)
 Metaspace       used 16747K, capacity 17078K, committed 17280K, reserved 1064960K
  class space    used 1974K, capacity 2085K, committed 2176K, reserved 1048576K
Event: 2.482 GC heap after
Heap after GC invocations=1 (full 0):
 PSYoungGen      total 305664K, used 27746K [0x000000066ab00000, 0x0000000680000000, 0x00000007c0000000)
  eden space 262144K, 0% used [0x000000066ab00000,0x000000066ab00000,0x000000067ab00000)
  from space 43520K, 63% used [0x000000067ab00000,0x000000067c618948,0x000000067d580000)
  to   space 43520K, 0% used [0x000000067d580000,0x000000067d580000,0x0000000680000000)
 ParOldGen       total 699392K, used 24K [0x00000003c0000000, 0x00000003eab00000, 0x000000066ab00000)
  object space 699392K, 0% used [0x00000003c0000000,0x00000003c0006000,0x00000003eab00000)
 Metaspace       used 16747K, capacity 17078K, committed 17280K, reserved 1064960K
  class space    used 1974K, capacity 2085K, committed 2176K, reserved 1048576K
}
Event: 3.207 GC heap before
{Heap before GC invocations=2 (full 0):
 PSYoungGen      total 305664K, used 124044K [0x000000066ab00000, 0x0000000680000000, 0x00000007c0000000)
  eden space 262144K, 36% used [0x000000066ab00000,0x000000067090a988,0x000000067ab00000)
  from space 43520K, 63% used [0x000000067ab00000,0x000000067c618948,0x000000067d580000)
  to   space 43520K, 0% used [0x000000067d580000,0x000000067d580000,0x0000000680000000)
 ParOldGen       total 699392K, used 24K [0x00000003c0000000, 0x00000003eab00000, 0x000000066ab00000)
  object space 699392K, 0% used [0x00000003c0000000,0x00000003c0006000,0x00000003eab00000)
 Metaspace       used 20556K, capacity 21082K, committed 21296K, reserved 1069056K
  class space    used 2481K, capacity 2633K, committed 2688K, reserved 1048576K
Event: 3.226 GC heap after
Heap after GC invocations=2 (full 0):
 PSYoungGen      total 305664K, used 24979K [0x000000066ab00000, 0x0000000690000000, 0x00000007c0000000)
  eden space 262144K, 0% used [0x000000066ab00000,0x000000066ab00000,0x000000067ab00000)
  from space 43520K, 57% used [0x000000067d580000,0x000000067ede4ed8,0x0000000680000000)
  to   space 43520K, 0% used [0x000000067ab00000,0x000000067ab00000,0x000000067d580000)
 ParOldGen       total 699392K, used 32K [0x00000003c0000000, 0x00000003eab00000, 0x000000066ab00000)
  object space 699392K, 0% used [0x00000003c0000000,0x00000003c0008000,0x00000003eab00000)
 Metaspace       used 20556K, capacity 21082K, committed 21296K, reserved 1069056K
  class space    used 2481K, capacity 2633K, committed 2688K, reserved 1048576K
}
Event: 3.226 GC heap before
{Heap before GC invocations=3 (full 1):
 PSYoungGen      total 305664K, used 24979K [0x000000066ab00000, 0x0000000690000000, 0x00000007c0000000)
  eden space 262144K, 0% used [0x000000066ab00000,0x000000066ab00000,0x000000067ab00000)
  from space 43520K, 57% used [0x000000067d580000,0x000000067ede4ed8,0x0000000680000000)
  to   space 43520K, 0% used [0x000000067ab00000,0x000000067ab00000,0x000000067d580000)
 ParOldGen       total 699392K, used 32K [0x00000003c0000000, 0x00000003eab00000, 0x000000066ab00000)
  object space 699392K, 0% used [0x00000003c0000000,0x00000003c0008000,0x00000003eab00000)
 Metaspace       used 20556K, capacity 21082K, committed 21296K, reserved 1069056K
  class space    used 2481K, capacity 2633K, committed 2688K, reserved 1048576K
Event: 3.295 GC heap after
Heap after GC invocations=3 (full 1):
 PSYoungGen      total 305664K, used 0K [0x000000066ab00000, 0x0000000690000000, 0x00000007c0000000)
  eden space 262144K, 0% used [0x000000066ab00000,0x000000066ab00000,0x000000067ab00000)
  from space 43520K, 0% used [0x000000067d580000,0x000000067d580000,0x0000000680000000)
  to   space 43520K, 0% used [0x000000067ab00000,0x000000067ab00000,0x000000067d580000)
 ParOldGen       total 437248K, used 24674K [0x00000003c0000000, 0x00000003dab00000, 0x000000066ab00000)
  object space 437248K, 5% used [0x00000003c0000000,0x00000003c1818a98,0x00000003dab00000)
 Metaspace       used 20556K, capacity 21082K, committed 21296K, reserved 1069056K
  class space    used 2481K, capacity 2633K, committed 2688K, reserved 1048576K
}

Deoptimization events (10 events):
Event: 3.677 Thread 0x00007fcc17f89800 Uncommon trap: reason=unstable_if action=reinterpret pc=0x000000011b202f90 method=java.util.Properties$LineReader.readLine()I @ 252
Event: 3.702 Thread 0x00007fcc16cea800 Uncommon trap: reason=unstable_if action=reinterpret pc=0x000000011b1632b8 method=java.util.jar.Manifest$FastInputStream.readLine([BII)I @ 87
Event: 3.735 Thread 0x00007fcc17f89800 Uncommon trap: reason=class_check action=maybe_recompile pc=0x000000011acce6f0 method=java.util.Hashtable.get(Ljava/lang/Object;)Ljava/lang/Object; @ 6
Event: 3.736 Thread 0x00007fcc17f89800 Uncommon trap: reason=class_check action=maybe_recompile pc=0x000000011ad53f5c method=java.util.Hashtable.put(Ljava/lang/Object;Ljava/lang/Object;)Ljava/lang/Object; @ 18
Event: 3.736 Thread 0x00007fcc17f89800 Uncommon trap: reason=class_check action=maybe_recompile pc=0x000000011acce6f0 method=java.util.Hashtable.get(Ljava/lang/Object;)Ljava/lang/Object; @ 6
Event: 3.736 Thread 0x00007fcc17f89800 Uncommon trap: reason=class_check action=maybe_recompile pc=0x000000011acce6f0 method=java.util.Hashtable.get(Ljava/lang/Object;)Ljava/lang/Object; @ 6
Event: 3.736 Thread 0x00007fcc17f89800 Uncommon trap: reason=class_check action=maybe_recompile pc=0x000000011acce6f0 method=java.util.Hashtable.get(Ljava/lang/Object;)Ljava/lang/Object; @ 6
Event: 3.737 Thread 0x00007fcc17f89800 Uncommon trap: reason=class_check action=maybe_recompile pc=0x000000011ad53f5c method=java.util.Hashtable.put(Ljava/lang/Object;Ljava/lang/Object;)Ljava/lang/Object; @ 18
Event: 3.737 Thread 0x00007fcc17f89800 Uncommon trap: reason=class_check action=maybe_recompile pc=0x000000011ad53f5c method=java.util.Hashtable.put(Ljava/lang/Object;Ljava/lang/Object;)Ljava/lang/Object; @ 18
Event: 3.769 Thread 0x00007fcc17f89800 Uncommon trap: reason=class_check action=maybe_recompile pc=0x000000011ad53f5c method=java.util.Hashtable.put(Ljava/lang/Object;Ljava/lang/Object;)Ljava/lang/Object; @ 18

Classes redefined (0 events):
No events

Internal exceptions (10 events):
Event: 3.329 Thread 0x00007fcc16cea800 Exception <a 'java/lang/ClassNotFoundException': java/lang/ObjectCustomizer> (0x000000066b3cb010) thrown at [/Users/java_re/workspace/8-2-build-macosx-x86_64/jdk8u161/10277/hotspot/src/share/vm/classfile/systemDictionary.cpp, line 210]
Event: 3.332 Thread 0x00007fcc16cea800 Exception <a 'java/lang/ClassNotFoundException': org/springframework/boot/SpringApplicationCustomizer> (0x000000066b3dfd90) thrown at [/Users/java_re/workspace/8-2-build-macosx-x86_64/jdk8u161/10277/hotspot/src/share/vm/classfile/systemDictionary.cpp, lin
Event: 3.493 Thread 0x00007fcc16cea800 Exception <a 'java/lang/NoSuchMethodError': org.slf4j.impl.StaticMDCBinder.getSingleton()Lorg/slf4j/impl/StaticMDCBinder;> (0x000000066c951bd8) thrown at [/Users/java_re/workspace/8-2-build-macosx-x86_64/jdk8u161/10277/hotspot/src/share/vm/interpreter/lin
Event: 3.639 Thread 0x00007fcc16cea800 Exception <a 'java/lang/ClassNotFoundException': java/lang/ObjectCustomizer> (0x000000066dc5d218) thrown at [/Users/java_re/workspace/8-2-build-macosx-x86_64/jdk8u161/10277/hotspot/src/share/vm/classfile/systemDictionary.cpp, line 210]
Event: 3.640 Thread 0x00007fcc16cea800 Exception <a 'java/lang/ClassNotFoundException': org/springframework/context/annotation/ConfigurationClassPostProcessorCustomizer> (0x000000066dc75b28) thrown at [/Users/java_re/workspace/8-2-build-macosx-x86_64/jdk8u161/10277/hotspot/src/share/vm/classfi
Event: 3.644 Thread 0x00007fcc16cea800 Exception <a 'java/lang/ClassNotFoundException': org/springframework/beans/factory/support/BeanDefinitionRegistryPostProcessorCustomizer> (0x000000066dc9e260) thrown at [/Users/java_re/workspace/8-2-build-macosx-x86_64/jdk8u161/10277/hotspot/src/share/vm/
Event: 3.644 Thread 0x00007fcc16cea800 Exception <a 'java/lang/ClassNotFoundException': org/springframework/core/PriorityOrderedCustomizer> (0x000000066dcae470) thrown at [/Users/java_re/workspace/8-2-build-macosx-x86_64/jdk8u161/10277/hotspot/src/share/vm/classfile/systemDictionary.cpp, line 
Event: 3.645 Thread 0x00007fcc16cea800 Exception <a 'java/lang/ClassNotFoundException': org/springframework/context/ResourceLoaderAwareCustomizer> (0x000000066dcbf078) thrown at [/Users/java_re/workspace/8-2-build-macosx-x86_64/jdk8u161/10277/hotspot/src/share/vm/classfile/systemDictionary.cpp
Event: 3.645 Thread 0x00007fcc16cea800 Exception <a 'java/lang/ClassNotFoundException': org/springframework/beans/factory/BeanClassLoaderAwareCustomizer> (0x000000066dcd2460) thrown at [/Users/java_re/workspace/8-2-build-macosx-x86_64/jdk8u161/10277/hotspot/src/share/vm/classfile/systemDiction
Event: 3.647 Thread 0x00007fcc16cea800 Exception <a 'java/lang/ClassNotFoundException': org/springframework/context/EnvironmentAwareCustomizer> (0x000000066dce3680) thrown at [/Users/java_re/workspace/8-2-build-macosx-x86_64/jdk8u161/10277/hotspot/src/share/vm/classfile/systemDictionary.cpp, l

Events (10 events):
Event: 3.999 loading class org/springframework/hateoas/config/HypermediaSupportBeanDefinitionRegistrar
Event: 3.999 loading class org/springframework/hateoas/config/HypermediaSupportBeanDefinitionRegistrar done
Event: 4.000 loading class org/springframework/hateoas/config/HateoasConfiguration
Event: 4.000 loading class org/springframework/hateoas/config/HateoasConfiguration done
Event: 4.004 loading class org/springframework/boot/autoconfigure/data/rest/RepositoryRestProperties
Event: 4.004 loading class org/springframework/boot/autoconfigure/data/rest/RepositoryRestProperties done
Event: 4.006 loading class org/springframework/data/rest/webmvc/RepositoryRestController
Event: 4.006 loading class org/springframework/data/rest/webmvc/RepositoryRestController done
Event: 4.006 loading class org/springframework/data/rest/webmvc/BasePathAwareController
Event: 4.006 loading class org/springframework/data/rest/webmvc/BasePathAwareController done


Dynamic libraries:
0x000000001cf96000 	/System/Library/Frameworks/Cocoa.framework/Versions/A/Cocoa
0x000000001cf96000 	/System/Library/Frameworks/Security.framework/Versions/A/Security
0x000000001cf96000 	/System/Library/Frameworks/ApplicationServices.framework/Versions/A/ApplicationServices
0x000000001cf96000 	/usr/lib/libz.1.dylib
0x000000001cf96000 	/usr/lib/libSystem.B.dylib
0x000000001cf96000 	/usr/lib/libobjc.A.dylib
0x000000001cf96000 	/System/Library/Frameworks/CoreFoundation.framework/Versions/A/CoreFoundation
0x000000001cf96000 	/System/Library/Frameworks/Foundation.framework/Versions/C/Foundation
0x000000001cf96000 	/System/Library/Frameworks/AppKit.framework/Versions/C/AppKit
0x000000001cf96000 	/System/Library/Frameworks/CoreData.framework/Versions/A/CoreData
0x000000001cf96000 	/System/Library/PrivateFrameworks/RemoteViewServices.framework/Versions/A/RemoteViewServices
0x000000001cf96000 	/System/Library/PrivateFrameworks/UIFoundation.framework/Versions/A/UIFoundation
0x000000001cf96000 	/System/Library/PrivateFrameworks/DFRFoundation.framework/Versions/A/DFRFoundation
0x000000001cf96000 	/System/Library/Frameworks/Metal.framework/Versions/A/Metal
0x000000001cf96000 	/System/Library/PrivateFrameworks/DesktopServicesPriv.framework/Versions/A/DesktopServicesPriv
0x000000001cf96000 	/usr/lib/libenergytrace.dylib
0x000000001cf96000 	/System/Library/PrivateFrameworks/SkyLight.framework/Versions/A/SkyLight
0x000000001cf96000 	/System/Library/Frameworks/CoreGraphics.framework/Versions/A/CoreGraphics
0x000000001cf96000 	/usr/lib/libScreenReader.dylib
0x000000001cf96000 	/System/Library/Frameworks/Accelerate.framework/Versions/A/Accelerate
0x000000001cf96000 	/System/Library/Frameworks/IOSurface.framework/Versions/A/IOSurface
0x000000001cf96000 	/System/Library/Frameworks/AudioToolbox.framework/Versions/A/AudioToolbox
0x000000001cf96000 	/System/Library/Frameworks/AudioUnit.framework/Versions/A/AudioUnit
0x000000001cf96000 	/System/Library/PrivateFrameworks/DataDetectorsCore.framework/Versions/A/DataDetectorsCore
0x000000001cf96000 	/System/Library/Frameworks/Carbon.framework/Versions/A/Frameworks/HIToolbox.framework/Versions/A/HIToolbox
0x000000001cf96000 	/usr/lib/libicucore.A.dylib
0x000000001cf96000 	/System/Library/Frameworks/QuartzCore.framework/Versions/A/QuartzCore
0x000000001cf96000 	/System/Library/Frameworks/Carbon.framework/Versions/A/Frameworks/SpeechRecognition.framework/Versions/A/SpeechRecognition
0x000000001cf96000 	/usr/lib/libauto.dylib
0x000000001cf96000 	/usr/lib/libxml2.2.dylib
0x000000001cf96000 	/System/Library/PrivateFrameworks/CoreUI.framework/Versions/A/CoreUI
0x000000001cf96000 	/System/Library/Frameworks/CoreAudio.framework/Versions/A/CoreAudio
0x000000001cf96000 	/System/Library/Frameworks/DiskArbitration.framework/Versions/A/DiskArbitration
0x000000001cf96000 	/usr/lib/liblangid.dylib
0x000000001cf96000 	/System/Library/PrivateFrameworks/MultitouchSupport.framework/Versions/A/MultitouchSupport
0x000000001cf96000 	/System/Library/Frameworks/IOKit.framework/Versions/A/IOKit
0x000000001cf96000 	/usr/lib/libDiagnosticMessagesClient.dylib
0x000000001cf96000 	/System/Library/Frameworks/CoreServices.framework/Versions/A/CoreServices
0x000000001cf96000 	/System/Library/PrivateFrameworks/PerformanceAnalysis.framework/Versions/A/PerformanceAnalysis
0x000000001cf96000 	/System/Library/Frameworks/OpenGL.framework/Versions/A/OpenGL
0x000000001cf96000 	/System/Library/Frameworks/ColorSync.framework/Versions/A/ColorSync
0x000000001cf96000 	/System/Library/Frameworks/CoreImage.framework/Versions/A/CoreImage
0x000000001cf96000 	/System/Library/Frameworks/CoreText.framework/Versions/A/CoreText
0x000000001cf96000 	/System/Library/Frameworks/ImageIO.framework/Versions/A/ImageIO
0x000000001cf96000 	/System/Library/PrivateFrameworks/Backup.framework/Versions/A/Backup
0x000000001cf96000 	/usr/lib/libarchive.2.dylib
0x000000001cf96000 	/System/Library/Frameworks/CFNetwork.framework/Versions/A/CFNetwork
0x000000001cf96000 	/System/Library/Frameworks/SystemConfiguration.framework/Versions/A/SystemConfiguration
0x000000001cf96000 	/usr/lib/libCRFSuite.dylib
0x000000001cf96000 	/usr/lib/libc++.1.dylib
0x000000001cf96000 	/usr/lib/libc++abi.dylib
0x000000001cf96000 	/usr/lib/system/libcache.dylib
0x000000001cf96000 	/usr/lib/system/libcommonCrypto.dylib
0x000000001cf96000 	/usr/lib/system/libcompiler_rt.dylib
0x000000001cf96000 	/usr/lib/system/libcopyfile.dylib
0x000000001cf96000 	/usr/lib/system/libcorecrypto.dylib
0x000000001cf96000 	/usr/lib/system/libdispatch.dylib
0x000000001cf96000 	/usr/lib/system/libdyld.dylib
0x000000001cf96000 	/usr/lib/system/libkeymgr.dylib
0x000000001cf96000 	/usr/lib/system/liblaunch.dylib
0x000000001cf96000 	/usr/lib/system/libmacho.dylib
0x000000001cf96000 	/usr/lib/system/libquarantine.dylib
0x000000001cf96000 	/usr/lib/system/libremovefile.dylib
0x000000001cf96000 	/usr/lib/system/libsystem_asl.dylib
0x000000001cf96000 	/usr/lib/system/libsystem_blocks.dylib
0x000000001cf96000 	/usr/lib/system/libsystem_c.dylib
0x000000001cf96000 	/usr/lib/system/libsystem_configuration.dylib
0x000000001cf96000 	/usr/lib/system/libsystem_coreservices.dylib
0x000000001cf96000 	/usr/lib/system/libsystem_darwin.dylib
0x000000001cf96000 	/usr/lib/system/libsystem_dnssd.dylib
0x000000001cf96000 	/usr/lib/system/libsystem_info.dylib
0x000000001cf96000 	/usr/lib/system/libsystem_m.dylib
0x000000001cf96000 	/usr/lib/system/libsystem_malloc.dylib
0x000000001cf96000 	/usr/lib/system/libsystem_network.dylib
0x000000001cf96000 	/usr/lib/system/libsystem_networkextension.dylib
0x000000001cf96000 	/usr/lib/system/libsystem_notify.dylib
0x000000001cf96000 	/usr/lib/system/libsystem_sandbox.dylib
0x000000001cf96000 	/usr/lib/system/libsystem_secinit.dylib
0x000000001cf96000 	/usr/lib/system/libsystem_kernel.dylib
0x000000001cf96000 	/usr/lib/system/libsystem_platform.dylib
0x000000001cf96000 	/usr/lib/system/libsystem_pthread.dylib
0x000000001cf96000 	/usr/lib/system/libsystem_symptoms.dylib
0x000000001cf96000 	/usr/lib/system/libsystem_trace.dylib
0x000000001cf96000 	/usr/lib/system/libunwind.dylib
0x000000001cf96000 	/usr/lib/system/libxpc.dylib
0x000000001cf96000 	/usr/lib/closure/libclosured.dylib
0x000000001cf96000 	/usr/lib/libbsm.0.dylib
0x000000001cf96000 	/usr/lib/system/libkxld.dylib
0x000000001cf96000 	/usr/lib/libOpenScriptingUtil.dylib
0x000000001cf96000 	/usr/lib/libcoretls.dylib
0x000000001cf96000 	/usr/lib/libcoretls_cfhelpers.dylib
0x000000001cf96000 	/usr/lib/libpam.2.dylib
0x000000001cf96000 	/usr/lib/libsqlite3.dylib
0x000000001cf96000 	/usr/lib/libxar.1.dylib
0x000000001cf96000 	/usr/lib/libbz2.1.0.dylib
0x000000001cf96000 	/usr/lib/liblzma.5.dylib
0x000000001cf96000 	/usr/lib/libnetwork.dylib
0x000000001cf96000 	/usr/lib/libapple_nghttp2.dylib
0x000000001cf96000 	/usr/lib/libpcap.A.dylib
0x000000001cf96000 	/usr/lib/libboringssl.dylib
0x000000001cf96000 	/usr/lib/libusrtcp.dylib
0x000000001cf96000 	/usr/lib/libapple_crypto.dylib
0x000000001cf96000 	/System/Library/Frameworks/CoreServices.framework/Versions/A/Frameworks/FSEvents.framework/Versions/A/FSEvents
0x000000001cf96000 	/System/Library/Frameworks/CoreServices.framework/Versions/A/Frameworks/CarbonCore.framework/Versions/A/CarbonCore
0x000000001cf96000 	/System/Library/Frameworks/CoreServices.framework/Versions/A/Frameworks/Metadata.framework/Versions/A/Metadata
0x000000001cf96000 	/System/Library/Frameworks/CoreServices.framework/Versions/A/Frameworks/OSServices.framework/Versions/A/OSServices
0x000000001cf96000 	/System/Library/Frameworks/CoreServices.framework/Versions/A/Frameworks/SearchKit.framework/Versions/A/SearchKit
0x000000001cf96000 	/System/Library/Frameworks/CoreServices.framework/Versions/A/Frameworks/AE.framework/Versions/A/AE
0x000000001cf96000 	/System/Library/Frameworks/CoreServices.framework/Versions/A/Frameworks/LaunchServices.framework/Versions/A/LaunchServices
0x000000001cf96000 	/System/Library/Frameworks/CoreServices.framework/Versions/A/Frameworks/DictionaryServices.framework/Versions/A/DictionaryServices
0x000000001cf96000 	/System/Library/Frameworks/CoreServices.framework/Versions/A/Frameworks/SharedFileList.framework/Versions/A/SharedFileList
0x000000001cf96000 	/System/Library/Frameworks/NetFS.framework/Versions/A/NetFS
0x000000001cf96000 	/System/Library/PrivateFrameworks/NetAuth.framework/Versions/A/NetAuth
0x000000001cf96000 	/System/Library/PrivateFrameworks/login.framework/Versions/A/Frameworks/loginsupport.framework/Versions/A/loginsupport
0x000000001cf96000 	/System/Library/PrivateFrameworks/TCC.framework/Versions/A/TCC
0x000000001cf96000 	/usr/lib/libmecabra.dylib
0x000000001cf96000 	/System/Library/Frameworks/ApplicationServices.framework/Versions/A/Frameworks/ATS.framework/Versions/A/ATS
0x000000001cf96000 	/System/Library/Frameworks/ApplicationServices.framework/Versions/A/Frameworks/ColorSyncLegacy.framework/Versions/A/ColorSyncLegacy
0x000000001cf96000 	/System/Library/Frameworks/ApplicationServices.framework/Versions/A/Frameworks/HIServices.framework/Versions/A/HIServices
0x000000001cf96000 	/System/Library/Frameworks/ApplicationServices.framework/Versions/A/Frameworks/LangAnalysis.framework/Versions/A/LangAnalysis
0x000000001cf96000 	/System/Library/Frameworks/ApplicationServices.framework/Versions/A/Frameworks/PrintCore.framework/Versions/A/PrintCore
0x000000001cf96000 	/System/Library/Frameworks/ApplicationServices.framework/Versions/A/Frameworks/QD.framework/Versions/A/QD
0x000000001cf96000 	/System/Library/Frameworks/ApplicationServices.framework/Versions/A/Frameworks/SpeechSynthesis.framework/Versions/A/SpeechSynthesis
0x000000001cf96000 	/System/Library/Frameworks/CoreDisplay.framework/Versions/A/CoreDisplay
0x000000001cf96000 	/System/Library/Frameworks/Accelerate.framework/Versions/A/Frameworks/vImage.framework/Versions/A/vImage
0x000000001cf96000 	/System/Library/Frameworks/Accelerate.framework/Versions/A/Frameworks/vecLib.framework/Versions/A/vecLib
0x000000001cf96000 	/System/Library/Frameworks/Accelerate.framework/Versions/A/Frameworks/vecLib.framework/Versions/A/libvDSP.dylib
0x000000001cf96000 	/System/Library/Frameworks/Accelerate.framework/Versions/A/Frameworks/vecLib.framework/Versions/A/libBNNS.dylib
0x000000001cf96000 	/System/Library/Frameworks/Accelerate.framework/Versions/A/Frameworks/vecLib.framework/Versions/A/libQuadrature.dylib
0x000000001cf96000 	/System/Library/Frameworks/Accelerate.framework/Versions/A/Frameworks/vecLib.framework/Versions/A/libvMisc.dylib
0x000000001cf96000 	/System/Library/Frameworks/Accelerate.framework/Versions/A/Frameworks/vecLib.framework/Versions/A/libLAPACK.dylib
0x000000001cf96000 	/System/Library/Frameworks/Accelerate.framework/Versions/A/Frameworks/vecLib.framework/Versions/A/libBLAS.dylib
0x000000001cf96000 	/System/Library/Frameworks/Accelerate.framework/Versions/A/Frameworks/vecLib.framework/Versions/A/libLinearAlgebra.dylib
0x000000001cf96000 	/System/Library/Frameworks/Accelerate.framework/Versions/A/Frameworks/vecLib.framework/Versions/A/libSparse.dylib
0x000000001cf96000 	/System/Library/Frameworks/Accelerate.framework/Versions/A/Frameworks/vecLib.framework/Versions/A/libSparseBLAS.dylib
0x000000001cf96000 	/System/Library/PrivateFrameworks/IOAccelerator.framework/Versions/A/IOAccelerator
0x000000001cf96000 	/System/Library/PrivateFrameworks/IOPresentment.framework/Versions/A/IOPresentment
0x000000001cf96000 	/System/Library/PrivateFrameworks/DSExternalDisplay.framework/Versions/A/DSExternalDisplay
0x000000001cf96000 	/System/Library/Frameworks/OpenGL.framework/Versions/A/Libraries/libCoreFSCache.dylib
0x000000001cf96000 	/System/Library/Frameworks/CoreVideo.framework/Versions/A/CoreVideo
0x000000001cf96000 	/System/Library/PrivateFrameworks/GraphVisualizer.framework/Versions/A/GraphVisualizer
0x000000001cf96000 	/System/Library/Frameworks/MetalPerformanceShaders.framework/Versions/A/MetalPerformanceShaders
0x000000001cf96000 	/usr/lib/libFosl_dynamic.dylib
0x000000001cf96000 	/System/Library/PrivateFrameworks/FaceCore.framework/Versions/A/FaceCore
0x000000001cf96000 	/System/Library/Frameworks/OpenCL.framework/Versions/A/OpenCL
0x000000001cf96000 	/usr/lib/libcompression.dylib
0x000000001cf96000 	/System/Library/Frameworks/ApplicationServices.framework/Versions/A/Frameworks/ATS.framework/Versions/A/Resources/libFontParser.dylib
0x000000001cf96000 	/System/Library/Frameworks/ApplicationServices.framework/Versions/A/Frameworks/ATS.framework/Versions/A/Resources/libFontRegistry.dylib
0x000000001cf96000 	/System/Library/Frameworks/ImageIO.framework/Versions/A/Resources/libJPEG.dylib
0x000000001cf96000 	/System/Library/Frameworks/ImageIO.framework/Versions/A/Resources/libTIFF.dylib
0x000000001cf96000 	/System/Library/Frameworks/ImageIO.framework/Versions/A/Resources/libPng.dylib
0x000000001cf96000 	/System/Library/Frameworks/ImageIO.framework/Versions/A/Resources/libGIF.dylib
0x000000001cf96000 	/System/Library/Frameworks/ImageIO.framework/Versions/A/Resources/libJP2.dylib
0x000000001cf96000 	/System/Library/Frameworks/ImageIO.framework/Versions/A/Resources/libRadiance.dylib
0x000000001cf96000 	/System/Library/PrivateFrameworks/AppleJPEG.framework/Versions/A/AppleJPEG
0x000000001cf96000 	/System/Library/PrivateFrameworks/MetalTools.framework/Versions/A/MetalTools
0x000000001cf96000 	/System/Library/Frameworks/MetalPerformanceShaders.framework/Frameworks/MPSCore.framework/Versions/A/MPSCore
0x000000001cf96000 	/System/Library/Frameworks/MetalPerformanceShaders.framework/Frameworks/MPSImage.framework/Versions/A/MPSImage
0x000000001cf96000 	/System/Library/Frameworks/MetalPerformanceShaders.framework/Frameworks/MPSMatrix.framework/Versions/A/MPSMatrix
0x000000001cf96000 	/System/Library/Frameworks/MetalPerformanceShaders.framework/Frameworks/MPSNeuralNetwork.framework/Versions/A/MPSNeuralNetwork
0x000000001cf96000 	/System/Library/Frameworks/OpenGL.framework/Versions/A/Libraries/libGLU.dylib
0x000000001cf96000 	/System/Library/Frameworks/OpenGL.framework/Versions/A/Libraries/libGFXShared.dylib
0x000000001cf96000 	/System/Library/Frameworks/OpenGL.framework/Versions/A/Libraries/libGL.dylib
0x000000001cf96000 	/System/Library/Frameworks/OpenGL.framework/Versions/A/Libraries/libGLImage.dylib
0x000000001cf96000 	/System/Library/Frameworks/OpenGL.framework/Versions/A/Libraries/libCVMSPluginSupport.dylib
0x000000001cf96000 	/System/Library/Frameworks/OpenGL.framework/Versions/A/Libraries/libCoreVMClient.dylib
0x000000001cf96000 	/usr/lib/libcups.2.dylib
0x000000001cf96000 	/System/Library/Frameworks/Kerberos.framework/Versions/A/Kerberos
0x000000001cf96000 	/System/Library/Frameworks/GSS.framework/Versions/A/GSS
0x000000001cf96000 	/usr/lib/libresolv.9.dylib
0x000000001cf96000 	/usr/lib/libiconv.2.dylib
0x000000001cf96000 	/System/Library/PrivateFrameworks/Heimdal.framework/Versions/A/Heimdal
0x000000001cf96000 	/usr/lib/libheimdal-asn1.dylib
0x000000001cf96000 	/System/Library/Frameworks/OpenDirectory.framework/Versions/A/OpenDirectory
0x000000001cf96000 	/System/Library/PrivateFrameworks/CommonAuth.framework/Versions/A/CommonAuth
0x000000001cf96000 	/System/Library/Frameworks/OpenDirectory.framework/Versions/A/Frameworks/CFOpenDirectory.framework/Versions/A/CFOpenDirectory
0x000000001cf96000 	/System/Library/Frameworks/SecurityFoundation.framework/Versions/A/SecurityFoundation
0x000000001cf96000 	/System/Library/PrivateFrameworks/APFS.framework/Versions/A/APFS
0x000000001cf96000 	/usr/lib/libutil.dylib
0x000000001cf96000 	/System/Library/PrivateFrameworks/AppleSauce.framework/Versions/A/AppleSauce
0x000000001cf96000 	/System/Library/PrivateFrameworks/LinguisticData.framework/Versions/A/LinguisticData
0x000000001cf96000 	/usr/lib/libmarisa.dylib
0x000000001cf96000 	/System/Library/PrivateFrameworks/Lexicon.framework/Versions/A/Lexicon
0x000000001cf96000 	/usr/lib/libChineseTokenizer.dylib
0x000000001cf96000 	/usr/lib/libcmph.dylib
0x000000001cf96000 	/System/Library/PrivateFrameworks/LanguageModeling.framework/Versions/A/LanguageModeling
0x000000001cf96000 	/System/Library/PrivateFrameworks/CoreEmoji.framework/Versions/A/CoreEmoji
0x000000001cf96000 	/System/Library/Frameworks/ServiceManagement.framework/Versions/A/ServiceManagement
0x000000001cf96000 	/System/Library/PrivateFrameworks/BackgroundTaskManagement.framework/Versions/A/BackgroundTaskManagement
0x000000001cf96000 	/usr/lib/libxslt.1.dylib
0x000000001cf96000 	/System/Library/Frameworks/Carbon.framework/Versions/A/Frameworks/Ink.framework/Versions/A/Ink
0x000000001cf96000 	/System/Library/PrivateFrameworks/TextureIO.framework/Versions/A/TextureIO
0x000000001cf96000 	/usr/lib/libate.dylib
0x000000001cf96000 	/System/Library/PrivateFrameworks/CrashReporterSupport.framework/Versions/A/CrashReporterSupport
0x000000001cf96000 	/System/Library/PrivateFrameworks/Sharing.framework/Versions/A/Sharing
0x000000001cf96000 	/System/Library/PrivateFrameworks/IconServices.framework/Versions/A/IconServices
0x000000001cf96000 	/System/Library/PrivateFrameworks/ProtocolBuffer.framework/Versions/A/ProtocolBuffer
0x000000001cf96000 	/System/Library/PrivateFrameworks/Apple80211.framework/Versions/A/Apple80211
0x000000001cf96000 	/System/Library/Frameworks/CoreWLAN.framework/Versions/A/CoreWLAN
0x000000001cf96000 	/System/Library/PrivateFrameworks/CoreUtils.framework/Versions/A/CoreUtils
0x000000001cf96000 	/System/Library/Frameworks/IOBluetooth.framework/Versions/A/IOBluetooth
0x000000001cf96000 	/System/Library/PrivateFrameworks/CoreWiFi.framework/Versions/A/CoreWiFi
0x000000001cf96000 	/System/Library/Frameworks/CoreBluetooth.framework/Versions/A/CoreBluetooth
0x000000001cf96000 	/System/Library/PrivateFrameworks/SignpostNotification.framework/Versions/A/SignpostNotification
0x000000001cf96000 	/System/Library/PrivateFrameworks/DebugSymbols.framework/Versions/A/DebugSymbols
0x000000001cf96000 	/System/Library/PrivateFrameworks/CoreSymbolication.framework/Versions/A/CoreSymbolication
0x000000001cf96000 	/System/Library/PrivateFrameworks/Symbolication.framework/Versions/A/Symbolication
0x000000001cf96000 	/System/Library/PrivateFrameworks/AppleFSCompression.framework/Versions/A/AppleFSCompression
0x000000001cf96000 	/System/Library/PrivateFrameworks/SpeechRecognitionCore.framework/Versions/A/SpeechRecognitionCore
0x000000010d600000 	/Library/Java/JavaVirtualMachines/jdk1.8.0_161.jdk/Contents/Home/jre/lib/server/libjvm.dylib
0x000000001cf96000 	/usr/lib/libstdc++.6.0.9.dylib
0x000000010cd14000 	/Library/Java/JavaVirtualMachines/jdk1.8.0_161.jdk/Contents/Home/jre/lib/libverify.dylib
0x000000010cd22000 	/Library/Java/JavaVirtualMachines/jdk1.8.0_161.jdk/Contents/Home/jre/lib/libjava.dylib
0x000000010cda2000 	/Library/Java/JavaVirtualMachines/jdk1.8.0_161.jdk/Contents/Home/jre/lib/libzip.dylib
0x00000001175b4000 	/Users/tedgamester/Documents/apache-maven-3.5.2/lib/jansi-native/osx/libjansi.jnilib
0x000000011776f000 	/Library/Java/JavaVirtualMachines/jdk1.8.0_161.jdk/Contents/Home/jre/lib/libnet.dylib
0x00000001176b9000 	/Library/Java/JavaVirtualMachines/jdk1.8.0_161.jdk/Contents/Home/jre/lib/libnio.dylib
0x0000000118bdf000 	/Library/Java/JavaVirtualMachines/jdk1.8.0_161.jdk/Contents/Home/jre/lib/libmanagement.dylib

VM Arguments:
jvm_args: -Dclassworlds.conf=/Users/tedgamester/Documents/apache-maven-3.5.2/bin/m2.conf -Dmaven.home=/Users/tedgamester/Documents/apache-maven-3.5.2 -Dlibrary.jansi.path=/Users/tedgamester/Documents/apache-maven-3.5.2/lib/jansi-native -Dmaven.multiModuleProjectDirectory=/Volumes/edge2/movies-java-spring-data-neo4j 
java_command: org.codehaus.plexus.classworlds.launcher.Launcher spring-boot:run
java_class_path (initial): /Users/tedgamester/Documents/apache-maven-3.5.2/boot/plexus-classworlds-2.5.2.jar
Launcher Type: SUN_STANDARD

Environment Variables:
PATH=/usr/local/bin:/usr/bin:/bin:/usr/sbin:/sbin:/Users/tedgamester/Documents/apache-maven-3.5.2/bin
SHELL=/bin/bash

Signal Handlers:
SIGSEGV: [libjvm.dylib+0x5b5439], sa_mask[0]=11111111011111110111111111111111, sa_flags=SA_ONSTACK|SA_RESTART|SA_SIGINFO
SIGBUS: [libjvm.dylib+0x5b5439], sa_mask[0]=11111111011111110111111111111111, sa_flags=SA_RESTART|SA_SIGINFO
SIGFPE: [libjvm.dylib+0x48ae24], sa_mask[0]=11111111011111110111111111111111, sa_flags=SA_RESTART|SA_SIGINFO
SIGPIPE: [libjvm.dylib+0x48ae24], sa_mask[0]=11111111011111110111111111111111, sa_flags=SA_RESTART|SA_SIGINFO
SIGXFSZ: [libjvm.dylib+0x48ae24], sa_mask[0]=11111111011111110111111111111111, sa_flags=SA_RESTART|SA_SIGINFO
SIGILL: [libjvm.dylib+0x48ae24], sa_mask[0]=11111111011111110111111111111111, sa_flags=SA_RESTART|SA_SIGINFO
SIGUSR1: SIG_DFL, sa_mask[0]=11011111011111100000000111000110, sa_flags=none
SIGUSR2: [libjvm.dylib+0x48a942], sa_mask[0]=00000000000000000000000000000000, sa_flags=SA_RESTART|SA_SIGINFO
SIGHUP: [libjvm.dylib+0x488f0d], sa_mask[0]=11111111011111110111111111111111, sa_flags=SA_RESTART|SA_SIGINFO
SIGINT: [libjvm.dylib+0x488f0d], sa_mask[0]=11111111011111110111111111111111, sa_flags=SA_RESTART|SA_SIGINFO
SIGTERM: [libjvm.dylib+0x488f0d], sa_mask[0]=11111111011111110111111111111111, sa_flags=SA_RESTART|SA_SIGINFO
SIGQUIT: [libjvm.dylib+0x488f0d], sa_mask[0]=11111111011111110111111111111111, sa_flags=SA_RESTART|SA_SIGINFO


---------------  S Y S T E M  ---------------

OS:Bsduname:Darwin 17.4.0 Darwin Kernel Version 17.4.0: Sun Dec 17 09:19:54 PST 2017; root:xnu-4570.41.2~1/RELEASE_X86_64 x86_64
rlimit: STACK 8192k, CORE 0k, NPROC 5674, NOFILE 10240, AS infinity
load average:3.11 2.61 2.47

CPU:total 4 (initial active 4) (4 cores per cpu, 1 threads per core) family 6 model 158 stepping 9, cmov, cx8, fxsr, mmx, sse, sse2, sse3, ssse3, sse4.1, sse4.2, popcnt, avx, avx2, aes, clmul, erms, rtm, 3dnowpref, lzcnt, tsc, tscinvbit, bmi1, bmi2, adx

Memory: 4k page, physical 67108864k(3523916k free)

/proc/meminfo:


vm_info: Java HotSpot(TM) 64-Bit Server VM (25.161-b12) for bsd-amd64 JRE (1.8.0_161-b12), built on Dec 19 2017 16:22:20 by "java_re" with gcc 4.2.1 (Based on Apple Inc. build 5658) (LLVM build 2336.11.00)

time: Sun Mar 11 13:36:59 2018
elapsed time: 4 seconds (0d 0h 0m 4s)

